2025-07-01 17:51:10,353 - INFO - Starting case_event stage backfill
2025-07-01 17:51:10,434 - INFO - Found 40817 case_events
2025-07-01 17:51:10,447 - INFO - Processed 0 / 40817 events
2025-07-01 17:51:11,373 - INFO - Processed 500 / 40817 events
2025-07-01 17:51:12,276 - INFO - Processed 1000 / 40817 events
2025-07-01 17:51:13,116 - INFO - Processed 1500 / 40817 events
2025-07-01 17:51:13,996 - INFO - Processed 2000 / 40817 events
2025-07-01 17:51:14,851 - INFO - Processed 2500 / 40817 events
2025-07-01 17:51:15,748 - INFO - Processed 3000 / 40817 events
2025-07-01 17:51:16,651 - INFO - Processed 3500 / 40817 events
2025-07-01 17:51:17,610 - INFO - Processed 4000 / 40817 events
2025-07-01 17:51:18,616 - INFO - Processed 4500 / 40817 events
2025-07-01 17:51:19,490 - INFO - Processed 5000 / 40817 events
2025-07-01 17:51:20,359 - INFO - Processed 5500 / 40817 events
2025-07-01 17:51:21,258 - INFO - Processed 6000 / 40817 events
2025-07-01 17:51:22,237 - INFO - Processed 6500 / 40817 events
2025-07-01 17:51:23,080 - INFO - Processed 7000 / 40817 events
2025-07-01 17:51:24,013 - INFO - Processed 7500 / 40817 events
2025-07-01 17:51:24,770 - INFO - Processed 8000 / 40817 events
2025-07-01 17:51:25,532 - INFO - Processed 8500 / 40817 events
2025-07-01 17:51:26,206 - INFO - Processed 9000 / 40817 events
2025-07-01 17:51:31,430 - INFO - Processed 9500 / 40817 events
2025-07-01 17:51:32,382 - INFO - Processed 10000 / 40817 events
2025-07-01 17:51:33,258 - INFO - Processed 10500 / 40817 events
2025-07-01 17:51:34,141 - INFO - Processed 11000 / 40817 events
2025-07-01 17:51:34,941 - INFO - Processed 11500 / 40817 events
2025-07-01 17:51:35,790 - INFO - Processed 12000 / 40817 events
2025-07-01 17:51:36,607 - INFO - Processed 12500 / 40817 events
2025-07-01 17:51:37,363 - INFO - Processed 13000 / 40817 events
2025-07-01 17:51:38,210 - INFO - Processed 13500 / 40817 events
2025-07-01 17:51:39,123 - INFO - Processed 14000 / 40817 events
2025-07-01 17:51:40,120 - INFO - Processed 14500 / 40817 events
2025-07-01 17:51:40,929 - INFO - Processed 15000 / 40817 events
2025-07-01 17:51:41,781 - INFO - Processed 15500 / 40817 events
2025-07-01 17:51:42,611 - INFO - Processed 16000 / 40817 events
2025-07-01 17:51:43,378 - INFO - Processed 16500 / 40817 events
2025-07-01 17:51:44,220 - INFO - Processed 17000 / 40817 events
2025-07-01 17:51:45,080 - INFO - Processed 17500 / 40817 events
2025-07-01 17:51:45,982 - INFO - Processed 18000 / 40817 events
2025-07-01 17:51:46,826 - INFO - Processed 18500 / 40817 events
2025-07-01 17:51:47,852 - INFO - Processed 19000 / 40817 events
2025-07-01 17:51:48,714 - INFO - Processed 19500 / 40817 events
2025-07-01 17:51:49,575 - INFO - Processed 20000 / 40817 events
2025-07-01 17:51:50,446 - INFO - Processed 20500 / 40817 events
2025-07-01 17:51:51,317 - INFO - Processed 21000 / 40817 events
2025-07-01 17:51:52,216 - INFO - Processed 21500 / 40817 events
2025-07-01 17:51:53,076 - INFO - Processed 22000 / 40817 events
2025-07-01 17:51:53,893 - INFO - Processed 22500 / 40817 events
2025-07-01 17:51:54,980 - INFO - Processed 23000 / 40817 events
2025-07-01 17:51:55,915 - INFO - Processed 23500 / 40817 events
2025-07-01 17:51:56,751 - INFO - Processed 24000 / 40817 events
2025-07-01 17:51:57,645 - INFO - Processed 24500 / 40817 events
2025-07-01 17:51:58,612 - INFO - Processed 25000 / 40817 events
2025-07-01 17:52:03,199 - INFO - Processed 25500 / 40817 events
2025-07-01 17:52:03,958 - INFO - Processed 26000 / 40817 events
2025-07-01 17:52:04,805 - INFO - Processed 26500 / 40817 events
2025-07-01 17:52:05,655 - INFO - Processed 27000 / 40817 events
2025-07-01 17:52:06,503 - INFO - Processed 27500 / 40817 events
2025-07-01 17:52:07,447 - INFO - Processed 28000 / 40817 events
2025-07-01 17:52:08,246 - INFO - Processed 28500 / 40817 events
2025-07-01 17:52:09,037 - INFO - Processed 29000 / 40817 events
2025-07-01 17:52:09,817 - INFO - Processed 29500 / 40817 events
2025-07-01 17:52:10,612 - INFO - Processed 30000 / 40817 events
2025-07-01 17:52:11,480 - INFO - Processed 30500 / 40817 events
2025-07-01 17:52:12,328 - INFO - Processed 31000 / 40817 events
2025-07-01 17:52:13,196 - INFO - Processed 31500 / 40817 events
2025-07-01 17:52:14,080 - INFO - Processed 32000 / 40817 events
2025-07-01 17:52:14,846 - INFO - Processed 32500 / 40817 events
2025-07-01 17:52:15,661 - INFO - Processed 33000 / 40817 events
2025-07-01 17:52:16,491 - INFO - Processed 33500 / 40817 events
2025-07-01 17:52:17,325 - INFO - Processed 34000 / 40817 events
2025-07-01 17:52:18,226 - INFO - Processed 34500 / 40817 events
2025-07-01 17:52:18,901 - INFO - Processed 35000 / 40817 events
2025-07-01 17:52:19,713 - INFO - Processed 35500 / 40817 events
2025-07-01 17:52:20,463 - INFO - Processed 36000 / 40817 events
2025-07-01 17:52:21,252 - INFO - Processed 36500 / 40817 events
2025-07-01 17:52:22,092 - INFO - Processed 37000 / 40817 events
2025-07-01 17:52:22,982 - INFO - Processed 37500 / 40817 events
2025-07-01 17:52:23,789 - INFO - Processed 38000 / 40817 events
2025-07-01 17:52:24,642 - INFO - Processed 38500 / 40817 events
2025-07-01 17:52:25,547 - INFO - Processed 39000 / 40817 events
2025-07-01 17:52:26,458 - INFO - Processed 39500 / 40817 events
2025-07-01 17:52:27,258 - INFO - Processed 40000 / 40817 events
2025-07-01 17:52:27,859 - INFO - Processed 40500 / 40817 events
2025-07-01 17:52:28,344 - INFO - Backfill complete.
2025-07-01 17:52:28,344 - INFO - Stage 5: 1588 records
2025-07-01 17:52:28,344 - INFO - Stage 4: 76 records
2025-07-01 17:52:28,344 - INFO - Stage 3: 0 records
2025-07-01 17:52:28,344 - INFO - Stage 2: 45 records
2025-07-01 17:52:28,344 - INFO - Stage 1: 39108 records
