2025-06-26 10:17:33,704 - INFO - Email sent: Case Update: 1:24-cr-00542-AS-1
2025-06-26 10:17:34,462 - INFO - Email sent: Case Update: 1:25-cv-00779-LJL
2025-06-26 10:17:37,297 - INFO - Email sent: Case Update: 1:24-cv-10049-LJL
2025-06-26 10:17:38,019 - INFO - Email sent: Case Update: 1:25-cv-00650-JPC
2025-06-26 10:17:38,870 - INFO - Email sent: Case Update: 1:25-cv-00163-DAE
2025-06-26 10:17:39,428 - INFO - Email sent: Case Update: 1:25-cv-00399-JAV
2025-06-26 10:17:40,162 - INFO - Email sent: Case Update: 1:25-cv-00086-TFM-MU
2025-06-26 10:17:40,897 - INFO - Email sent: Case Update: 1:24-cv-09857-JAV
2025-06-26 10:17:41,876 - INFO - Email sent: Case Update: 1:25-cv-00996-JLR
2025-06-26 10:17:43,793 - INFO - Email sent: Case Update: 1:25-cv-01726-JSR
2025-06-26 10:17:44,527 - INFO - Email sent: Case Update: 1:19-cv-00610-RWL
2025-06-26 10:17:45,023 - INFO - Email sent: Case Update: 1:22-cv-01687-PGG
2025-06-26 10:17:46,222 - INFO - Email sent: Case Update: 2:24-cv-02880-JPM-tmp
2025-06-26 10:17:46,992 - INFO - Email sent: Case Update: 2:24-cv-07910-MRA-BFM
2025-06-26 10:17:47,569 - INFO - Email sent: Case Update: 3:24-cv-00547-HTW-LGI
2025-06-26 10:17:48,111 - INFO - Email sent: Case Update: 2:24-cv-09822-FLA-PD
2025-06-26 10:17:48,594 - INFO - Email sent: Case Update: 2:24-cv-10781-FMO-RAO
2025-06-26 10:17:49,257 - INFO - Email sent: Case Update: 2:25-cv-02615-FLA-KS
2025-06-26 10:17:49,967 - INFO - Email sent: Case Update: 1:24-cv-05221-LLS
2025-06-26 10:17:50,699 - INFO - Email sent: Case Update: 1:21-cv-20408-JEM
2025-06-26 10:17:51,417 - INFO - Email sent: Case Update: 3:23-cv-00582
2025-06-26 10:17:52,154 - INFO - Email sent: Case Update: 2:22-cv-01075-DMG-JC
2025-06-26 10:17:52,804 - INFO - Email sent: Case Update: 1:22-cv-00871-VEC
2025-06-26 10:17:53,457 - INFO - Email sent: Case Update: 7:24-cv-00264
2025-06-26 10:17:54,420 - INFO - Email sent: Case Update: Unknown
2025-06-26 10:17:55,404 - INFO - Email sent: Case Update: 3:24-cv-00090-SFR
2025-06-26 10:17:55,900 - INFO - Email sent: Case Update: 2:22-cv-09241-MEMF-PD
2025-06-26 10:17:57,091 - INFO - Email sent: Case Update: 5:24-cv-00625-JSM-PRL
2025-06-26 10:17:57,782 - INFO - Email sent: Case Update: 2:24-cv-00122-GMN-EJY
2025-06-26 10:17:58,515 - INFO - Email sent: Case Update: 9:24-cv-04914-RMG
2025-06-26 10:17:59,272 - INFO - Email sent: Case Update: 2:22-cv-00809-MCS-MAR
2025-06-26 10:18:00,455 - INFO - Email sent: Case Update: 3:22-cv-00521-REP
2025-06-26 10:18:01,032 - INFO - Email sent: Case Update: Unknown
2025-06-26 10:18:01,797 - INFO - Email sent: Case Update: 2:24-cv-01417-GW-BFM
2025-06-26 10:18:02,869 - INFO - Email sent: Case Update: 1:23-cv-01720
2025-06-26 10:18:03,660 - INFO - Email sent: Case Update: 3:22-cr-00546-GC
2025-06-26 10:18:04,722 - INFO - Email sent: Case Update: 2:23-cr-00047-JLS-1
2025-06-26 10:18:05,346 - INFO - Email sent: Case Update: 0:24-cr-60126-DSL-2
2025-06-26 10:18:05,917 - INFO - Email sent: Case Update: 2:22-cv-04512-FLA-E
2025-06-26 10:18:06,430 - INFO - Email sent: Case Update: 2:2025cv03650
2025-06-26 10:29:16,469 - INFO - No unemailed documents for case 84388
2025-06-26 10:36:36,033 - INFO - Email sent: TMZ Case Update: 1:24-cr-00542-AS-1
2025-06-26 10:52:37,684 - INFO - Email sent: TMZ Case Update: 1:25-cv-00779-LJL
2025-06-26 11:01:45,629 - INFO - Email sent: TMZ Case Update: 1:24-cv-10049-LJL
2025-06-26 11:06:13,259 - INFO - Email sent: TMZ Case Update: 24STPB10886
2025-06-26 11:10:16,801 - INFO - Email sent: TMZ Case Update: 1:25-cv-00779-LJL
2025-06-26 11:10:18,421 - INFO - Email sent: TMZ Case Update: 1:24-cv-10049-LJL
2025-06-26 11:10:19,539 - INFO - Email sent: TMZ Case Update: 24STPB10886
2025-06-26 11:10:20,644 - INFO - Email sent: TMZ Case Update: BP117321
2025-06-26 11:10:22,030 - INFO - Email sent: TMZ Case Update: 1:25-cv-00399-JAV
2025-06-26 11:10:23,238 - INFO - Email sent: TMZ Case Update: 23STFL10278
2025-06-26 11:10:24,470 - INFO - Email sent: TMZ Case Update: 24STCV17859
2025-06-26 11:10:25,773 - INFO - Email sent: TMZ Case Update: 24LBFL00645
2025-06-26 11:10:27,030 - INFO - Email sent: TMZ Case Update: 23AVCV01238
2025-06-26 11:10:28,276 - INFO - Email sent: TMZ Case Update: 24SMCV03476
2025-06-26 11:10:29,919 - INFO - Email sent: TMZ Case Update: 22STPB09349
2025-06-26 11:10:31,019 - INFO - Email sent: TMZ Case Update: 24VECV04613
2025-06-26 11:10:32,314 - INFO - Email sent: TMZ Case Update: BD568912
2025-06-26 11:10:33,434 - INFO - Email sent: TMZ Case Update: 1:19-cv-00610-RWL
2025-06-26 11:10:35,071 - INFO - Email sent: TMZ Case Update: 3:24-cv-00547-HTW-LGI
2025-06-26 11:10:36,480 - INFO - Email sent: TMZ Case Update: 1:24-cv-05221-LLS
2025-06-26 11:10:38,595 - INFO - Email sent: TMZ Case Update: 1:21-cv-20408-JEM
2025-06-26 11:10:40,268 - INFO - Email sent: TMZ Case Update: 2:22-cv-09241-MEMF-PD
2025-06-26 11:10:41,561 - INFO - Email sent: TMZ Case Update: 5:24-cv-00625-JSM-PRL
2025-06-26 11:10:42,815 - INFO - Email sent: TMZ Case Update: 25STRO02987
2025-06-26 11:10:44,184 - INFO - Email sent: TMZ Case Update: 25STCP01661
2025-06-26 11:10:45,316 - INFO - Email sent: TMZ Case Update: 25STRO03514
2025-06-26 11:16:14,194 - INFO - Email sent: TMZ Case Update: 1:25-cv-00779-LJL
2025-06-26 11:16:15,638 - INFO - Email sent: TMZ Case Update: 1:24-cv-10049-LJL
2025-06-26 11:16:17,114 - INFO - Email sent: TMZ Case Update: 24STPB10886
2025-06-26 11:16:18,532 - INFO - Email sent: TMZ Case Update: BP117321
2025-06-26 11:16:20,147 - INFO - Email sent: TMZ Case Update: 1:25-cv-00399-JAV
2025-06-26 11:16:21,868 - INFO - Email sent: TMZ Case Update: 23STFL10278
2025-06-26 11:16:23,148 - INFO - Email sent: TMZ Case Update: 24STCV17859
2025-06-26 11:16:24,616 - INFO - Email sent: TMZ Case Update: 24LBFL00645
2025-06-26 11:16:25,944 - INFO - Email sent: TMZ Case Update: 23AVCV01238
2025-06-26 11:16:27,111 - INFO - Email sent: TMZ Case Update: 24SMCV03476
2025-06-26 11:16:28,420 - INFO - Email sent: TMZ Case Update: 22STPB09349
2025-06-26 11:16:29,589 - INFO - Email sent: TMZ Case Update: 24VECV04613
2025-06-26 11:16:30,679 - INFO - Email sent: TMZ Case Update: BD568912
2025-06-26 11:16:31,985 - INFO - Email sent: TMZ Case Update: 1:19-cv-00610-RWL
2025-06-26 11:16:33,087 - INFO - Email sent: TMZ Case Update: 3:24-cv-00547-HTW-LGI
2025-06-26 11:16:34,642 - INFO - Email sent: TMZ Case Update: 1:24-cv-05221-LLS
2025-06-26 11:16:36,045 - INFO - Email sent: TMZ Case Update: 1:21-cv-20408-JEM
2025-06-26 11:16:37,371 - INFO - Email sent: TMZ Case Update: 2:22-cv-09241-MEMF-PD
2025-06-26 11:16:38,584 - INFO - Email sent: TMZ Case Update: 5:24-cv-00625-JSM-PRL
2025-06-26 11:16:39,691 - INFO - Email sent: TMZ Case Update: 25STRO02987
2025-06-26 11:16:40,839 - INFO - Email sent: TMZ Case Update: 25STCP01661
2025-06-26 11:16:42,152 - INFO - Email sent: TMZ Case Update: 25STRO03514
2025-06-26 12:30:01,829 - INFO - Email sent: TMZ Case Update: 25STCV06186
2025-06-26 12:30:03,072 - INFO - Email sent: TMZ Case Update: 1:24-cv-05221-LLS
2025-06-26 12:30:04,822 - INFO - Email sent: TMZ Case Update: 5:24-cv-00625-JSM-PRL
2025-06-26 12:30:06,314 - INFO - Email sent: TMZ Case Update: 25STCV15235
2025-06-26 13:35:01,851 - INFO - Email sent: TMZ Case Update: 24SMCV05637
2025-06-26 13:35:03,458 - INFO - Email sent: TMZ Case Update: 23AVCV01238
2025-06-26 14:40:02,590 - INFO - Email sent: TMZ Case Update: 1:24-cv-10049-LJL
2025-06-26 14:40:04,307 - INFO - Email sent: TMZ Case Update: 24SMCV04506
2025-06-26 16:50:03,989 - INFO - Email sent: TMZ Case Update: 1:24-cv-01503-LJL
2025-06-26 16:50:05,395 - INFO - Email sent: TMZ Case Update: 2:22-cv-01075-DMG-JC
2025-06-26 16:50:06,593 - INFO - Email sent: TMZ Case Update: 25STCP01661
2025-06-26 17:55:01,723 - INFO - Email sent: TMZ Case Update: 25STRO02987
2025-06-26 17:55:03,243 - INFO - Email sent: TMZ Case Update: 25STRO03514
2025-06-26 19:00:02,083 - INFO - Email sent: TMZ Case Update: 24SMCV04506
2025-06-26 21:10:02,037 - INFO - Email sent: TMZ Case Update: 1:25-cv-00779-LJL
2025-06-27 07:05:02,513 - INFO - Email sent: TMZ Case Update: 21STRO06284
2025-06-27 07:05:03,734 - INFO - Email sent: TMZ Case Update: 2:24-cv-10781-FMO-RAO
2025-06-27 08:10:01,814 - INFO - Email sent: TMZ Case Update: 22STPB09349
2025-06-27 08:10:03,879 - INFO - Email sent: TMZ Case Update: 1:21-cv-20408-JEM
2025-06-27 08:10:05,012 - INFO - Email sent: TMZ Case Update: 25STRO02987
2025-06-27 08:10:06,287 - INFO - Email sent: TMZ Case Update: 25STRO03514
2025-06-27 09:15:01,946 - INFO - Email sent: TMZ Case Update: 2:21-cv-06836-FMO-AGR
2025-06-27 11:25:02,253 - INFO - Email sent: TMZ Case Update: 25STCV06186
2025-06-27 11:25:03,740 - INFO - Email sent: TMZ Case Update: 1:23-cv-01720
2025-06-27 11:25:05,039 - INFO - Email sent: TMZ Case Update: 2:22-cv-04512-FLA-E
2025-06-27 11:25:06,435 - INFO - Email sent: TMZ Case Update: 25STCP01661
2025-06-27 12:30:01,986 - INFO - Email sent: TMZ Case Update: BP117321
2025-06-27 12:30:03,344 - INFO - Email sent: TMZ Case Update: 21STRO06284
2025-06-27 12:30:04,617 - INFO - Email sent: TMZ Case Update: 22STPB09349
2025-06-27 12:30:06,206 - INFO - Email sent: TMZ Case Update: BP135806
2025-06-27 12:30:07,589 - INFO - Email sent: TMZ Case Update: 1:19-cr-00297-ELR-JSA-1
2025-06-27 12:30:08,930 - INFO - Email sent: TMZ Case Update: 1:19-cr-00297-ELR-JSA-2
2025-06-27 13:35:01,818 - INFO - Email sent: TMZ Case Update: 2:24-cv-05560-WB
2025-06-27 13:35:03,198 - INFO - Email sent: TMZ Case Update: 1:09-cr-00466-BMC-RLM-4
2025-06-27 15:45:01,689 - INFO - Email sent: TMZ Case Update: 23STFL10278
2025-06-27 15:45:03,014 - INFO - Email sent: TMZ Case Update: 1:19-cr-00297-ELR-JSA-1
2025-06-27 15:45:04,388 - INFO - Email sent: TMZ Case Update: 1:19-cr-00297-ELR-JSA-2
2025-06-27 16:50:02,210 - INFO - Email sent: TMZ Case Update: 23STFL10278
2025-06-27 16:50:03,584 - INFO - Email sent: TMZ Case Update: 21STRO06284
2025-06-27 16:50:04,975 - INFO - Email sent: TMZ Case Update: 23STPB01806
2025-06-27 17:55:01,764 - INFO - Email sent: TMZ Case Update: 24VECV04613
2025-06-27 19:00:01,929 - INFO - Email sent: TMZ Case Update: 5:24-cv-00625-JSM-PRL
2025-06-28 12:30:02,336 - INFO - Email sent: TMZ Case Update: 4:23-cr-02251-JAS-LCK-1
2025-06-28 16:50:02,259 - INFO - Email sent: TMZ Case Update: 1:25-cv-01726-JSR
2025-06-28 19:00:02,032 - INFO - Email sent: TMZ Case Update: 1:25-cv-00779-LJL
2025-06-28 19:00:03,391 - INFO - Email sent: TMZ Case Update: 21STRO06284
2025-06-28 20:05:01,700 - INFO - Email sent: TMZ Case Update: 1:25-cv-00779-LJL
2025-06-28 20:05:03,105 - INFO - Email sent: TMZ Case Update: 21STRO06284
2025-06-28 20:05:04,573 - INFO - Email sent: TMZ Case Update: 1:25-cv-01726-JSR
2025-06-28 20:05:06,014 - INFO - Email sent: TMZ Case Update: 4:23-cr-02251-JAS-LCK-1
2025-06-28 21:10:01,642 - INFO - Email sent: TMZ Case Update: 1:25-cv-01726-JSR
2025-06-30 14:17:20,190 - INFO - Email sent: TMZ Case Update: 1:24-cr-00542-AS-1
2025-06-30 14:17:21,501 - INFO - Email sent: TMZ Case Update: 1:25-cv-00779-LJL
2025-06-30 14:17:22,824 - INFO - Email sent: TMZ Case Update: 24SMCV05637
2025-06-30 14:17:23,902 - INFO - Email sent: TMZ Case Update: 24STCV05072
2025-06-30 14:17:24,449 - ERROR - Unhandled error
Traceback (most recent call last):
  File "\\10.146.176.84\general\docketwatch\python\docketwatch_case_events_alert_plus2.py", line 161, in main
    events = get_event_documents(cursor, case_id)
             ^^^^^^^^^^^^^^^^^^^^^^^^^^^^^^^^^^^^
  File "\\10.146.176.84\general\docketwatch\python\docketwatch_case_events_alert_plus2.py", line 72, in get_event_documents
    for row in cursor.fetchall():
               ^^^^^^^^^^^^^^^^^
UnicodeDecodeError: 'utf-8' codec can't decode byte 0xbf in position 182: invalid start byte
2025-06-30 14:17:25,719 - INFO - Email sent: TMZ Case Update: 21STRO06284
2025-06-30 14:17:26,777 - INFO - Email sent: TMZ Case Update: 22STPB09349
2025-06-30 14:17:28,842 - INFO - Email sent: TMZ Case Update: 24VECV04613
2025-06-30 14:17:29,998 - INFO - Email sent: TMZ Case Update: 1:25-cv-01726-JSR
2025-06-30 14:17:31,398 - INFO - Email sent: TMZ Case Update: 1:24-cv-01503-LJL
2025-06-30 14:17:32,673 - INFO - Email sent: TMZ Case Update: 8:17-cv-01885-CJC-JPR
2025-06-30 14:17:33,963 - INFO - Email sent: TMZ Case Update: 5:24-cv-00625-JSM-PRL
2025-06-30 14:17:35,298 - INFO - Email sent: TMZ Case Update: 1:23-cv-01720
2025-06-30 14:17:36,631 - INFO - Email sent: TMZ Case Update: 1:09-cr-00466-BMC-RLM-4
2025-06-30 14:17:38,230 - INFO - Email sent: TMZ Case Update: 4:23-cr-02251-JAS-LCK-1
2025-07-01 10:20:01,982 - INFO - Email sent: TMZ Case Update: 1:24-cr-00542-AS-1
2025-07-01 10:20:03,252 - INFO - Email sent: TMZ Case Update: 24NNCV01328
2025-07-01 10:20:04,721 - INFO - Email sent: TMZ Case Update: 1:25-cv-01726-JSR
2025-07-01 10:20:05,891 - INFO - Email sent: TMZ Case Update: 2:24-cv-02880-JPM-tmp
2025-07-01 10:20:07,249 - INFO - Email sent: TMZ Case Update: 23-14082-SMG
2025-07-01 10:20:08,773 - INFO - Email sent: TMZ Case Update: 3:24-cv-00090-SFR
2025-07-01 10:20:10,158 - INFO - Email sent: TMZ Case Update: 5:24-cv-00625-JSM-PRL
2025-07-01 10:20:11,267 - INFO - Email sent: TMZ Case Update: 25STCV15235
2025-07-01 10:20:12,500 - INFO - Email sent: TMZ Case Update: 25STCP01661
2025-07-01 12:30:02,527 - INFO - Email sent: TMZ Case Update: 1:24-cr-00542-AS-1
2025-07-01 12:30:03,835 - INFO - Email sent: TMZ Case Update: 24STPB10886
2025-07-01 12:30:05,350 - INFO - Email sent: TMZ Case Update: 1:25-cv-00399-JAV
2025-07-01 12:30:06,718 - INFO - Email sent: TMZ Case Update: 1:24-cv-06848-KPF
2025-07-01 12:30:07,942 - INFO - Email sent: TMZ Case Update: Unknown
2025-07-01 12:30:09,481 - INFO - Email sent: TMZ Case Update: 9:24-cv-81151-AMC
2025-07-01 13:35:01,810 - INFO - Email sent: TMZ Case Update: 24SMCV05637
2025-07-01 13:35:03,862 - INFO - Email sent: TMZ Case Update: 25STCV06186
2025-07-01 14:40:01,997 - INFO - Email sent: TMZ Case Update: 1:24-cr-00542-AS-1
2025-07-01 14:40:03,450 - INFO - Email sent: TMZ Case Update: 1:24-cv-09857-JAV
2025-07-01 14:40:04,627 - INFO - Email sent: TMZ Case Update: 1:25-cv-01726-JSR
2025-07-01 14:40:05,708 - INFO - Email sent: TMZ Case Update: 2:24-cv-05560-WB
2025-07-01 15:45:01,623 - INFO - Email sent: TMZ Case Update: 24VECV04613
2025-07-01 16:50:01,702 - INFO - Email sent: TMZ Case Update: 1:25-cv-00779-LJL
2025-07-01 16:50:02,972 - INFO - Email sent: TMZ Case Update: 1:24-cv-10049-LJL
2025-07-01 16:50:04,378 - INFO - Email sent: TMZ Case Update: 1:25-cv-00449-LJL
2025-07-01 16:50:07,782 - INFO - Email sent: TMZ Case Update: 2:24-cv-02880-JPM-tmp
2025-07-01 16:50:09,078 - INFO - Email sent: TMZ Case Update: 2:22-cv-09241-MEMF-PD
2025-07-01 19:00:01,928 - INFO - Email sent: TMZ Case Update: 1:25-cv-00399-JAV
2025-07-02 07:05:02,355 - INFO - Email sent: TMZ Case Update: 1:21-cv-20408-JEM
2025-07-02 08:10:01,774 - INFO - Email sent: TMZ Case Update: D-101-PB-202500059
2025-07-02 10:20:01,790 - INFO - Email sent: TMZ Case Update: 24STPB10886
2025-07-02 10:20:03,335 - INFO - Email sent: TMZ Case Update: 22STPB11848
2025-07-02 10:20:04,951 - INFO - Email sent: TMZ Case Update: 2:23-cr-00047-JLS-1
2025-07-02 11:25:01,650 - INFO - Email sent: TMZ Case Update: 2:23-cr-00047-JLS-1
2025-07-02 12:30:02,069 - INFO - Email sent: TMZ Case Update: 1:24-cr-00542-AS-1
2025-07-02 12:30:03,625 - INFO - Email sent: TMZ Case Update: 1:25-cv-00086-TFM-MU
2025-07-02 12:30:04,805 - INFO - Email sent: TMZ Case Update: 1:24-cv-06848-KPF
2025-07-02 13:35:01,760 - INFO - Email sent: TMZ Case Update: 22STCV06081
2025-07-02 13:35:03,381 - INFO - Email sent: TMZ Case Update: 24SMCV04506
2025-07-02 13:35:04,720 - INFO - Email sent: TMZ Case Update: 24SMCV03476
2025-07-02 13:35:05,851 - INFO - Email sent: TMZ Case Update: 2:24-cv-02880-JPM-tmp
2025-07-02 13:35:07,133 - INFO - Email sent: TMZ Case Update: 2:22-cv-04512-FLA-E
2025-07-02 14:40:01,852 - INFO - Email sent: TMZ Case Update: 1:24-cr-00542-AS-1
2025-07-02 14:40:03,220 - INFO - Email sent: TMZ Case Update: 1:24-cv-10049-LJL
2025-07-02 14:40:04,569 - INFO - Email sent: TMZ Case Update: 1:25-cv-00449-LJL
2025-07-02 14:40:05,906 - INFO - Email sent: TMZ Case Update: 1:23-cv-10628-JGLC
2025-07-02 15:45:01,809 - INFO - Email sent: TMZ Case Update: 1:24-cr-00542-AS-1
2025-07-02 15:45:03,479 - INFO - Email sent: TMZ Case Update: 1:25-cv-00086-TFM-MU
2025-07-02 15:45:04,879 - INFO - Email sent: TMZ Case Update: 5:24-cv-00625-JSM-PRL
2025-07-02 16:50:01,774 - INFO - Email sent: TMZ Case Update: 1:24-cv-10049-LJL
2025-07-02 16:50:03,347 - INFO - Email sent: TMZ Case Update: 25SMCV01570
2025-07-02 16:50:04,979 - INFO - Email sent: TMZ Case Update: 1:25-cv-00086-TFM-MU
2025-07-02 17:55:01,565 - INFO - Email sent: TMZ Case Update: 2:22-cv-01075-DMG-JC
2025-07-02 19:00:01,878 - INFO - Email sent: TMZ Case Update: 1:25-cv-00399-JAV
2025-07-02 21:10:01,776 - INFO - Email sent: TMZ Case Update: 1:24-cv-01503-LJL
2025-07-03 08:10:01,504 - INFO - Email sent: TMZ Case Update: D-101-PB-202500060
2025-07-03 09:15:01,793 - INFO - Email sent: TMZ Case Update: 25STCV06186
2025-07-03 10:20:01,876 - INFO - Email sent: TMZ Case Update: 1:24-cv-10049-LJL
2025-07-03 10:20:03,221 - INFO - Email sent: TMZ Case Update: 1:24-cv-08810-LAK
2025-07-03 11:25:02,261 - INFO - Email sent: TMZ Case Update: 24SMCV05637
2025-07-03 11:25:03,734 - INFO - Email sent: TMZ Case Update: 25STCV15235
2025-07-03 14:40:02,173 - INFO - Email sent: TMZ Case Update: 1:18-cr-00834-PAE-4
2025-07-03 14:40:03,307 - INFO - Email sent: TMZ Case Update: 2:22-cv-09241-MEMF-PD
2025-07-03 15:45:01,783 - INFO - Email sent: TMZ Case Update: 2:24-cv-02880-JPM-tmp
2025-07-03 16:50:01,980 - INFO - Email sent: TMZ Case Update: 1:24-cv-01503-LJL
2025-07-03 16:50:03,462 - INFO - Email sent: TMZ Case Update: 9:24-cv-81151-AMC
2025-07-03 17:55:01,816 - INFO - Email sent: TMZ Case Update: 24SMCV03476
2025-07-03 17:55:03,216 - INFO - Email sent: TMZ Case Update: 22STPB09349
2025-07-03 17:55:04,545 - INFO - Email sent: TMZ Case Update: 25STCP01661
2025-07-03 19:00:02,019 - INFO - Email sent: TMZ Case Update: 1:24-cv-10049-LJL
2025-07-03 19:00:03,754 - INFO - Email sent: TMZ Case Update: 2:24-cv-05560-WB
2025-07-03 20:05:01,657 - INFO - Email sent: TMZ Case Update: 25STFL02115
2025-07-03 20:05:03,210 - INFO - Email sent: TMZ Case Update: 2:25-cv-02615-FLA-KS
2025-07-03 21:10:02,439 - INFO - Email sent: TMZ Case Update: 1:25-cv-00779-LJL
2025-07-03 21:10:03,854 - INFO - Email sent: TMZ Case Update: 1:24-cv-10049-LJL
2025-07-03 21:10:05,270 - INFO - Email sent: TMZ Case Update: 2:25-cv-02615-FLA-KS
2025-07-03 21:10:06,356 - INFO - Email sent: TMZ Case Update: Unknown
2025-07-05 10:20:01,883 - INFO - Email sent: TMZ Case Update: 1:25-cv-01726-JSR
2025-07-05 12:30:01,628 - INFO - Email sent: TMZ Case Update: 1:24-cv-09857-JAV
2025-07-05 14:40:02,108 - INFO - Email sent: TMZ Case Update: 1:25-cv-01726-JSR
2025-07-05 22:15:01,947 - INFO - Email sent: TMZ Case Update: 1:25-cv-00086-TFM-MU
2025-07-06 14:40:01,900 - INFO - Email sent: TMZ Case Update: 1:24-cv-09857-JAV
2025-07-06 19:00:01,620 - INFO - Email sent: TMZ Case Update: 1:24-cv-10049-LJL
2025-07-06 19:00:03,498 - INFO - Email sent: TMZ Case Update: 1:25-cv-00449-LJL
2025-07-07 06:00:02,396 - INFO - Email sent: TMZ Case Update: 2:23-cr-00047-JLS-1
2025-07-07 08:10:01,834 - INFO - Email sent: TMZ Case Update: 1:24-cr-00542-AS-1
2025-07-07 10:20:02,164 - INFO - Email sent: TMZ Case Update: 23SMCV03553
2025-07-07 10:20:03,736 - INFO - Email sent: TMZ Case Update: 1:24-cv-09857-JAV
2025-07-07 10:20:05,167 - INFO - Email sent: TMZ Case Update: 1:18-cr-00834-PAE-4
2025-07-07 10:20:06,341 - INFO - Email sent: TMZ Case Update: 2:21-cv-06836-FMO-AGR
2025-07-07 11:25:01,542 - INFO - Email sent: TMZ Case Update: BC508502
2025-07-07 11:25:03,043 - INFO - Email sent: TMZ Case Update: 2:24-cv-10781-FMO-RAO
2025-07-07 12:30:02,631 - INFO - Email sent: TMZ Case Update: 1:25-cv-00779-LJL
2025-07-07 12:30:03,779 - INFO - Email sent: TMZ Case Update: 1:24-cv-09857-JAV
2025-07-07 12:30:05,354 - INFO - Email sent: TMZ Case Update: 1:19-cr-00297-ELR-JSA-2
2025-07-07 13:35:01,634 - INFO - Email sent: TMZ Case Update: 22STCV06081
2025-07-07 13:35:03,338 - INFO - Email sent: TMZ Case Update: 2:21-cv-06836-FMO-AGR
2025-07-07 14:40:01,617 - INFO - Email sent: TMZ Case Update: 1:24-cr-00542-AS-1
2025-07-07 14:40:02,727 - INFO - Email sent: TMZ Case Update: 1:24-cv-10049-LJL
2025-07-07 14:40:04,049 - INFO - Email sent: TMZ Case Update: 1:25-cv-01726-JSR
2025-07-07 14:40:05,395 - INFO - Email sent: TMZ Case Update: 1:24-cv-24228-CMA
2025-07-07 14:40:06,763 - INFO - Email sent: TMZ Case Update: 9:24-cv-81151-AMC
2025-07-07 14:40:08,068 - INFO - Email sent: TMZ Case Update: Unknown
2025-07-07 14:40:09,368 - INFO - Email sent: TMZ Case Update: 0:24-cr-60126-DSL-2
2025-07-07 15:45:01,685 - INFO - Email sent: TMZ Case Update: 23SMCV03553
2025-07-07 16:50:01,934 - INFO - Email sent: TMZ Case Update: 25STFL02115
2025-07-07 16:50:03,171 - INFO - Email sent: TMZ Case Update: 1:24-cv-10049-LJL
2025-07-07 16:50:04,556 - INFO - Email sent: TMZ Case Update: 8:25-cv-00592-FMO-KES
2025-07-07 17:55:01,859 - INFO - Email sent: TMZ Case Update: 22STCV06081
2025-07-07 17:55:03,272 - INFO - Email sent: TMZ Case Update: 2:25-cv-02615-FLA-KS
2025-07-07 19:00:02,424 - INFO - Email sent: TMZ Case Update: 2:22-cv-01075-DMG-JC
2025-07-07 19:00:04,106 - INFO - Email sent: TMZ Case Update: 1:22-cv-00871-VEC
2025-07-07 20:05:01,656 - INFO - Email sent: TMZ Case Update: 19STCV29458
2025-07-07 21:10:01,648 - INFO - Email sent: TMZ Case Update: 2:24-cv-02880-JPM-tmp
2025-07-07 22:15:02,263 - INFO - Email sent: TMZ Case Update: 1:24-cv-10049-LJL
2025-07-08 07:05:02,339 - INFO - Email sent: TMZ Case Update: 1:25-cv-00650-JPC
2025-07-08 07:05:04,560 - INFO - Email sent: TMZ Case Update: 1:24-cv-24228-CMA
2025-07-08 08:10:01,834 - INFO - Email sent: TMZ Case Update: 25STFL02115
2025-07-08 09:15:01,636 - INFO - Email sent: TMZ Case Update: 1:24-cv-09857-JAV
2025-07-08 09:15:03,419 - INFO - Email sent: TMZ Case Update: 2:21-cv-06836-FMO-AGR
2025-07-08 10:20:02,589 - INFO - Email sent: TMZ Case Update: 1:24-cr-00542-AS-1
2025-07-08 10:20:03,720 - INFO - Email sent: TMZ Case Update: 21STPB04540
2025-07-08 10:20:05,020 - INFO - Email sent: TMZ Case Update: 1:24-cv-09857-JAV
2025-07-08 10:20:06,377 - INFO - Email sent: TMZ Case Update: 1:24-cv-01503-LJL
2025-07-08 10:20:07,757 - INFO - Email sent: TMZ Case Update: 4:23-cr-02251-JAS-LCK-1
2025-07-08 12:30:02,301 - INFO - Email sent: TMZ Case Update: 1:24-cr-00542-AS-1
2025-07-08 12:30:03,419 - INFO - Email sent: TMZ Case Update: 21STRO06284
2025-07-08 12:30:04,914 - INFO - Email sent: TMZ Case Update: 1:24-cv-01503-LJL
2025-07-08 12:30:06,159 - INFO - Email sent: TMZ Case Update: 8:25-cv-00592-FMO-KES
2025-07-08 12:30:07,271 - INFO - Email sent: TMZ Case Update: 1:24-cv-05346-MHC
2025-07-08 13:35:01,068 - ERROR - Unhandled error
Traceback (most recent call last):
  File "\\10.146.176.84\general\docketwatch\python\docketwatch_case_events_alert_plus2.py", line 161, in main
    events = get_event_documents(cursor, case_id)
             ^^^^^^^^^^^^^^^^^^^^^^^^^^^^^^^^^^^^
  File "\\10.146.176.84\general\docketwatch\python\docketwatch_case_events_alert_plus2.py", line 72, in get_event_documents
    for row in cursor.fetchall():
               ^^^^^^^^^^^^^^^^^
UnicodeDecodeError: 'utf-8' codec can't decode byte 0xbf in position 177: invalid start byte
2025-07-08 13:35:02,832 - INFO - Email sent: TMZ Case Update: 2:22-cv-00809-MCS-MAR
2025-07-08 14:40:01,919 - INFO - Email sent: TMZ Case Update: 1:24-cv-10049-LJL
2025-07-08 14:40:03,463 - INFO - Email sent: TMZ Case Update: 1:25-cv-00449-LJL
2025-07-08 16:50:02,059 - INFO - Email sent: TMZ Case Update: 1:25-cv-00779-LJL
2025-07-08 16:50:03,505 - INFO - Email sent: TMZ Case Update: 1:24-cv-07772-JPO
2025-07-08 16:50:04,660 - INFO - Email sent: TMZ Case Update: 1:24-cv-09857-JAV
2025-07-08 17:55:01,460 - INFO - Email sent: TMZ Case Update: 21STRO06284
2025-07-08 17:55:02,785 - INFO - Email sent: TMZ Case Update: 3:24-cv-00547-HTW-LGI
2025-07-08 19:00:01,667 - INFO - Email sent: TMZ Case Update: 24STCV03100
2025-07-08 20:05:01,485 - INFO - Email sent: TMZ Case Update: 7:24-cv-00264
2025-07-08 21:10:01,575 - INFO - Email sent: TMZ Case Update: 1:24-cv-10049-LJL
2025-07-08 22:15:01,934 - INFO - Email sent: TMZ Case Update: 2:24-cv-05560-WB
2025-07-09 07:05:01,712 - INFO - Email sent: TMZ Case Update: 21STRO06284
2025-07-09 07:05:03,207 - INFO - Email sent: TMZ Case Update: 9:24-cv-81151-AMC
2025-07-09 08:10:01,908 - INFO - Email sent: TMZ Case Update: 1:24-cv-10049-LJL
2025-07-09 10:20:01,542 - INFO - Email sent: TMZ Case Update: 1:24-cv-10049-LJL
2025-07-09 10:20:03,427 - INFO - Email sent: TMZ Case Update: 1:24-cv-01503-LJL
2025-07-09 10:20:04,903 - INFO - Email sent: TMZ Case Update: 1:22-cv-00871-VEC
2025-07-09 10:20:06,241 - INFO - Email sent: TMZ Case Update: 2:24-cv-05560-WB
2025-07-09 11:25:01,903 - INFO - Email sent: TMZ Case Update: 24STPB02877
2025-07-09 11:25:03,050 - INFO - Email sent: TMZ Case Update: 1:24-cv-24228-CMA
2025-07-09 12:30:01,933 - INFO - Email sent: TMZ Case Update: 1:24-cv-10049-LJL
2025-07-09 12:30:03,436 - INFO - Email sent: TMZ Case Update: 2:22-cv-09241-MEMF-PD
2025-07-09 13:35:01,839 - INFO - Email sent: TMZ Case Update: 1:25-cv-00086-TFM-MU
2025-07-09 14:40:02,227 - INFO - Email sent: TMZ Case Update: 1:24-cr-00542-AS-1
2025-07-09 14:40:03,563 - INFO - Email sent: TMZ Case Update: 1:25-cv-00779-LJL
2025-07-09 14:40:04,973 - INFO - Email sent: TMZ Case Update: 1:24-cv-10049-LJL
2025-07-09 14:40:06,313 - INFO - Email sent: TMZ Case Update: 1:25-cv-00399-JAV
2025-07-09 14:40:07,883 - INFO - Email sent: TMZ Case Update: 1:22-cv-00871-VEC
2025-07-09 15:45:02,093 - INFO - Email sent: TMZ Case Update: 2:22-cv-01075-DMG-JC
2025-07-09 16:50:02,081 - INFO - Email sent: TMZ Case Update: 25STPB02197
2025-07-09 16:50:03,618 - INFO - Email sent: TMZ Case Update: 25SMCV02783
2025-07-10 09:15:01,794 - INFO - Email sent: TMZ Case Update: 25SMCV01570
2025-07-10 09:15:03,154 - INFO - Email sent: TMZ Case Update: 1:24-cv-09857-JAV
2025-07-10 09:15:04,510 - INFO - Email sent: TMZ Case Update: 1:23-cv-15885
2025-07-10 10:20:01,579 - INFO - Email sent: TMZ Case Update: BD568912
2025-07-10 10:20:02,965 - INFO - Email sent: TMZ Case Update: 2:22-cv-04512-FLA-E
2025-07-10 11:25:01,517 - INFO - Email sent: TMZ Case Update: 1:23-cv-15885
2025-07-10 12:30:02,186 - INFO - Email sent: TMZ Case Update: 1:24-cr-00542-AS-1
2025-07-10 12:30:03,577 - INFO - Email sent: TMZ Case Update: 1:24-cv-10049-LJL
2025-07-10 13:35:01,754 - INFO - Email sent: TMZ Case Update: 24SMCV05637
2025-07-10 13:35:03,077 - INFO - Email sent: TMZ Case Update: 2:22-cv-04512-FLA-E
2025-07-10 15:45:01,753 - INFO - Email sent: TMZ Case Update: 3:22-cr-00426-JSC-1
2025-07-10 16:50:02,066 - INFO - Email sent: TMZ Case Update: 1:24-cv-01503-LJL
2025-07-10 17:55:01,489 - INFO - Email sent: TMZ Case Update: 2:23-cr-00047-JLS-1
2025-07-10 19:00:01,906 - INFO - Email sent: TMZ Case Update: 2:23-cr-00047-JLS-1
2025-07-10 21:10:02,051 - INFO - Email sent: TMZ Case Update: 2:24-cv-05560-WB
2025-07-10 22:15:01,575 - INFO - Email sent: TMZ Case Update: 1:25-cv-00650-JPC
2025-07-11 10:20:02,022 - INFO - Email sent: TMZ Case Update: 1:25-cv-00779-LJL
2025-07-11 10:20:03,563 - INFO - Email sent: TMZ Case Update: 1:24-cv-10049-LJL
2025-07-11 10:20:04,777 - INFO - Email sent: TMZ Case Update: 1:24-cv-01503-LJL
2025-07-11 10:20:06,015 - INFO - Email sent: TMZ Case Update: 1:24-cv-24228-CMA
2025-07-11 11:25:01,676 - INFO - Email sent: TMZ Case Update: 24SMCV03476
2025-07-11 11:25:03,087 - INFO - Email sent: TMZ Case Update: 1:23-cv-01720
2025-07-11 12:30:02,264 - INFO - Email sent: TMZ Case Update: 1:24-cr-00542-AS-1
2025-07-11 12:30:03,436 - INFO - Email sent: TMZ Case Update: 1:24-cv-10049-LJL
2025-07-11 12:30:04,621 - INFO - Email sent: TMZ Case Update: 1:25-cv-00650-JPC
2025-07-11 12:30:05,975 - INFO - Email sent: TMZ Case Update: 24SMCV05819
2025-07-11 12:30:07,080 - INFO - Email sent: TMZ Case Update: 1:23-cv-10628-JGLC
2025-07-11 13:35:01,916 - INFO - Email sent: TMZ Case Update: 1:23-cv-15885
2025-07-11 13:35:03,221 - INFO - Email sent: TMZ Case Update: 1:23-cv-01720
2025-07-11 14:40:01,932 - INFO - Email sent: TMZ Case Update: 1:25-cv-00779-LJL
2025-07-11 14:40:03,262 - INFO - Email sent: TMZ Case Update: 1:25-cv-00086-TFM-MU
2025-07-11 14:40:04,554 - INFO - Email sent: TMZ Case Update: 1:25-cv-01726-JSR
2025-07-11 16:50:01,683 - INFO - Email sent: TMZ Case Update: 1:25-cv-00779-LJL
2025-07-11 16:50:03,381 - INFO - Email sent: TMZ Case Update: 1:24-cv-10049-LJL
2025-07-11 16:50:04,894 - INFO - Email sent: TMZ Case Update: 1:24-cv-09857-JAV
2025-07-11 17:55:01,718 - INFO - Email sent: TMZ Case Update: 23STPB01806
2025-07-11 19:00:01,751 - INFO - Email sent: TMZ Case Update: 24SMCV04506
2025-07-11 19:00:03,443 - INFO - Email sent: TMZ Case Update: 2:24-cv-05560-WB
2025-07-12 07:05:01,740 - INFO - Email sent: TMZ Case Update: 1:24-cv-10049-LJL
2025-07-12 08:10:01,795 - INFO - Email sent: TMZ Case Update: 23STPB01806
2025-07-13 14:40:01,965 - INFO - Email sent: TMZ Case Update: 1:24-cv-10049-LJL
2025-07-14 09:15:05,395 - INFO - Email sent: TMZ Case Update: 1:24-cv-24228-CMA
2025-07-14 10:20:01,959 - INFO - Email sent: TMZ Case Update: 1:24-cv-10049-LJL
2025-07-14 10:20:03,383 - INFO - Email sent: TMZ Case Update: 1:19-cv-00610-RWL
2025-07-14 10:20:04,851 - INFO - Email sent: TMZ Case Update: 2:24-cv-05560-WB
2025-07-14 10:20:06,153 - INFO - Email sent: TMZ Case Update: 2:23-cr-00047-JLS-1
2025-07-14 11:25:01,704 - INFO - Email sent: TMZ Case Update: 2:23-cr-00047-JLS-1
