2025-06-27 12:57:44,225 - INFO - Chrome launched successfully.
2025-06-27 12:57:44,232 - INFO - No login required for this tool.
2025-06-27 12:57:44,236 - INFO - Processing 3 tracked case(s).
2025-06-27 12:57:44,241 - INFO - Processing case ID 90994 (25001584CF10A)
2025-06-27 12:57:44,244 - INFO - Opening: https://www.browardclerk.org/Web2
2025-06-27 12:57:48,293 - INFO - Initial page load complete
2025-06-27 12:57:48,312 - INFO - Failed to solve reCAPTCHA: Message: no such element: Unable to locate element: {"method":"css selector","selector":".g-recaptcha"}
  (Session info: chrome=137.0.7151.122); For documentation on this error, please visit: https://www.selenium.dev/documentation/webdriver/troubleshooting/errors#no-such-element-exception
Stacktrace:
	GetHandleVerifier [0x0x7ff7339d6f65+78965]
	GetHandleVerifier [0x0x7ff7339d6fc0+79056]
	(No symbol) [0x0x7ff733769dda]
	(No symbol) [0x0x7ff7337c02ea]
	(No symbol) [0x0x7ff7337c059c]
	(No symbol) [0x0x7ff733813f37]
	(No symbol) [0x0x7ff7337e86af]
	(No symbol) [0x0x7ff733810dbe]
	(No symbol) [0x0x7ff7337e8443]
	(No symbol) [0x0x7ff7337b1311]
	(No symbol) [0x0x7ff7337b20a3]
	GetHandleVerifier [0x0x7ff733c8e26d+2926461]
	GetHandleVerifier [0x0x7ff733c88993+2903715]
	GetHandleVerifier [0x0x7ff733ca6aed+3026941]
	GetHandleVerifier [0x0x7ff7339f16fe+187406]
	GetHandleVerifier [0x0x7ff7339f96ef+220159]
	GetHandleVerifier [0x0x7ff7339dfaf4+114692]
	GetHandleVerifier [0x0x7ff7339dfca9+115129]
	GetHandleVerifier [0x0x7ff7339c64d8+10728]
	BaseThreadInitThunk [0x0x7ffa84784de0+16]
	RtlUserThreadStart [0x0x7ffa8583edab+43]

2025-06-27 12:57:50,317 - INFO - Processing case ID 116269 (PRC930004547)
2025-06-27 12:57:50,321 - INFO - Opening: https://www.browardclerk.org/Web2
2025-06-27 12:57:52,831 - INFO - Initial page load complete
2025-06-27 12:57:52,846 - INFO - Failed to solve reCAPTCHA: Message: no such element: Unable to locate element: {"method":"css selector","selector":".g-recaptcha"}
  (Session info: chrome=137.0.7151.122); For documentation on this error, please visit: https://www.selenium.dev/documentation/webdriver/troubleshooting/errors#no-such-element-exception
Stacktrace:
	GetHandleVerifier [0x0x7ff7339d6f65+78965]
	GetHandleVerifier [0x0x7ff7339d6fc0+79056]
	(No symbol) [0x0x7ff733769dda]
	(No symbol) [0x0x7ff7337c02ea]
	(No symbol) [0x0x7ff7337c059c]
	(No symbol) [0x0x7ff733813f37]
	(No symbol) [0x0x7ff7337e86af]
	(No symbol) [0x0x7ff733810dbe]
	(No symbol) [0x0x7ff7337e8443]
	(No symbol) [0x0x7ff7337b1311]
	(No symbol) [0x0x7ff7337b20a3]
	GetHandleVerifier [0x0x7ff733c8e26d+2926461]
	GetHandleVerifier [0x0x7ff733c88993+2903715]
	GetHandleVerifier [0x0x7ff733ca6aed+3026941]
	GetHandleVerifier [0x0x7ff7339f16fe+187406]
	GetHandleVerifier [0x0x7ff7339f96ef+220159]
	GetHandleVerifier [0x0x7ff7339dfaf4+114692]
	GetHandleVerifier [0x0x7ff7339dfca9+115129]
	GetHandleVerifier [0x0x7ff7339c64d8+10728]
	BaseThreadInitThunk [0x0x7ffa84784de0+16]
	RtlUserThreadStart [0x0x7ffa8583edab+43]

2025-06-27 12:57:54,853 - INFO - Processing case ID 116743 (25004312MM10A)
2025-06-27 12:57:54,857 - INFO - Opening: https://www.browardclerk.org/Web2
2025-06-27 12:57:57,362 - INFO - Initial page load complete
2025-06-27 12:57:57,377 - INFO - Failed to solve reCAPTCHA: Message: no such element: Unable to locate element: {"method":"css selector","selector":".g-recaptcha"}
  (Session info: chrome=137.0.7151.122); For documentation on this error, please visit: https://www.selenium.dev/documentation/webdriver/troubleshooting/errors#no-such-element-exception
Stacktrace:
	GetHandleVerifier [0x0x7ff7339d6f65+78965]
	GetHandleVerifier [0x0x7ff7339d6fc0+79056]
	(No symbol) [0x0x7ff733769dda]
	(No symbol) [0x0x7ff7337c02ea]
	(No symbol) [0x0x7ff7337c059c]
	(No symbol) [0x0x7ff733813f37]
	(No symbol) [0x0x7ff7337e86af]
	(No symbol) [0x0x7ff733810dbe]
	(No symbol) [0x0x7ff7337e8443]
	(No symbol) [0x0x7ff7337b1311]
	(No symbol) [0x0x7ff7337b20a3]
	GetHandleVerifier [0x0x7ff733c8e26d+2926461]
	GetHandleVerifier [0x0x7ff733c88993+2903715]
	GetHandleVerifier [0x0x7ff733ca6aed+3026941]
	GetHandleVerifier [0x0x7ff7339f16fe+187406]
	GetHandleVerifier [0x0x7ff7339f96ef+220159]
	GetHandleVerifier [0x0x7ff7339dfaf4+114692]
	GetHandleVerifier [0x0x7ff7339dfca9+115129]
	GetHandleVerifier [0x0x7ff7339c64d8+10728]
	BaseThreadInitThunk [0x0x7ffa84784de0+16]
	RtlUserThreadStart [0x0x7ffa8583edab+43]

2025-06-27 12:58:01,584 - INFO - Scraper completed and resources closed.
2025-06-27 13:40:07,929 - INFO - Chrome launched successfully.
2025-06-27 13:40:07,936 - INFO - No login required for this tool.
2025-06-27 13:40:07,940 - INFO - Processing 3 tracked case(s).
2025-06-27 13:40:07,945 - INFO - Processing case ID 90994 (25001584CF10A)
2025-06-27 13:40:07,947 - INFO - Opening: https://www.browardclerk.org/Web2
2025-06-27 13:40:12,101 - INFO - Initial page load complete
2025-06-27 13:40:12,124 - INFO - Failed to solve reCAPTCHA: Could not find data-sitekey from selector
2025-06-27 13:40:14,142 - INFO - Processing case ID 116269 (PRC930004547)
2025-06-27 13:40:14,147 - INFO - Opening: https://www.browardclerk.org/Web2
2025-06-27 13:40:16,654 - INFO - Initial page load complete
2025-06-27 13:40:16,672 - INFO - Failed to solve reCAPTCHA: Could not find data-sitekey from selector
2025-06-27 13:40:18,675 - INFO - Processing case ID 116743 (25004312MM10A)
2025-06-27 13:40:18,678 - INFO - Opening: https://www.browardclerk.org/Web2
2025-06-27 13:40:21,547 - INFO - Initial page load complete
2025-06-27 13:40:21,567 - INFO - Failed to solve reCAPTCHA: Could not find data-sitekey from selector
2025-06-27 13:40:25,784 - INFO - Scraper completed and resources closed.
2025-06-27 13:43:11,240 - INFO - Chrome launched successfully.
2025-06-27 13:43:11,246 - INFO - No login required for this tool.
2025-06-27 13:43:11,251 - INFO - Processing 3 tracked case(s).
2025-06-27 13:43:11,254 - INFO - Processing case ID 90994 (25001584CF10A)
2025-06-27 13:43:11,257 - INFO - Opening: https://www.browardclerk.org/Web2
2025-06-27 13:43:15,242 - INFO - Initial page load complete
2025-06-27 13:43:15,283 - INFO - Sending CAPTCHA to 2Captcha...
2025-06-27 13:43:15,685 - INFO - 2Captcha request accepted. ID: 79978908941
2025-06-27 13:43:18,883 - INFO - Waiting for CAPTCHA solution... attempt 1
2025-06-27 13:43:22,253 - INFO - Waiting for CAPTCHA solution... attempt 2
2025-06-27 13:43:25,454 - INFO - CAPTCHA solution received.
2025-06-27 13:43:27,513 - INFO - CAPTCHA solved and submit button re-enabled.
2025-06-27 13:43:28,642 - INFO - Waiting for case number input field...
2025-06-27 13:43:39,228 - INFO - Error updating case 90994: Message: 

Traceback (most recent call last):
  File "U:\docketwatch\python\docketwatch_scraper.py", line 107, in update_case
    viewer_elements = WebDriverWait(driver, 10).until(
                      ^^^^^^^^^^^^^^^^^^^^^^^^^^^^^^^^
  File "C:\Users\XKKING\AppData\Roaming\Python\Python312\site-packages\selenium\webdriver\support\wait.py", line 146, in until
    raise TimeoutException(message, screen, stacktrace)
selenium.common.exceptions.TimeoutException: Message: 


2025-06-27 13:43:41,235 - INFO - Processing case ID 116269 (PRC930004547)
2025-06-27 13:43:41,241 - INFO - Opening: https://www.browardclerk.org/Web2
2025-06-27 13:43:44,033 - INFO - Initial page load complete
2025-06-27 13:43:44,066 - INFO - Sending CAPTCHA to 2Captcha...
2025-06-27 13:43:44,327 - INFO - 2Captcha request accepted. ID: 79978911664
2025-06-27 13:43:47,543 - INFO - CAPTCHA solution received.
2025-06-27 13:43:49,567 - INFO - CAPTCHA solved and submit button re-enabled.
2025-06-27 13:43:50,650 - INFO - Waiting for case number input field...
2025-06-27 13:44:02,072 - INFO - Error updating case 116269: Message: 

Traceback (most recent call last):
  File "U:\docketwatch\python\docketwatch_scraper.py", line 107, in update_case
    viewer_elements = WebDriverWait(driver, 10).until(
                      ^^^^^^^^^^^^^^^^^^^^^^^^^^^^^^^^
  File "C:\Users\XKKING\AppData\Roaming\Python\Python312\site-packages\selenium\webdriver\support\wait.py", line 146, in until
    raise TimeoutException(message, screen, stacktrace)
selenium.common.exceptions.TimeoutException: Message: 


2025-06-27 13:44:04,082 - INFO - Processing case ID 116743 (25004312MM10A)
2025-06-27 13:44:04,087 - INFO - Opening: https://www.browardclerk.org/Web2
2025-06-27 13:44:06,670 - INFO - Initial page load complete
2025-06-27 13:44:06,696 - INFO - Sending CAPTCHA to 2Captcha...
2025-06-27 13:44:06,932 - INFO - 2Captcha request accepted. ID: 79978913728
2025-06-27 13:44:10,173 - INFO - CAPTCHA solution received.
2025-06-27 13:44:12,196 - INFO - CAPTCHA solved and submit button re-enabled.
2025-06-27 13:44:13,277 - INFO - Waiting for case number input field...
2025-06-27 13:44:23,806 - INFO - Error updating case 116743: Message: 

Traceback (most recent call last):
  File "U:\docketwatch\python\docketwatch_scraper.py", line 107, in update_case
    viewer_elements = WebDriverWait(driver, 10).until(
                      ^^^^^^^^^^^^^^^^^^^^^^^^^^^^^^^^
  File "C:\Users\XKKING\AppData\Roaming\Python\Python312\site-packages\selenium\webdriver\support\wait.py", line 146, in until
    raise TimeoutException(message, screen, stacktrace)
selenium.common.exceptions.TimeoutException: Message: 


2025-06-27 13:44:28,056 - INFO - Scraper completed and resources closed.
2025-06-27 13:48:10,886 - INFO - Chrome launched successfully.
2025-06-27 13:48:10,893 - INFO - No login required for this tool.
2025-06-27 13:48:10,897 - INFO - Processing 3 tracked case(s).
2025-06-27 13:48:10,902 - INFO - Processing case ID 90994 (25001584CF10A)
2025-06-27 13:48:10,905 - INFO - Opening: https://www.browardclerk.org/Web2
2025-06-27 13:48:15,019 - INFO - Initial page load complete
2025-06-27 13:48:15,052 - INFO - Sending CAPTCHA to 2Captcha...
2025-06-27 13:48:15,459 - INFO - 2Captcha request accepted. ID: 79978937134
2025-06-27 13:48:18,659 - INFO - CAPTCHA solution received.
2025-06-27 13:48:20,668 - INFO - PAUSING FOR DEBUGGING — browser open
2025-06-27 13:50:51,772 - WARNING - Retrying (Retry(total=2, connect=None, read=None, redirect=None, status=None)) after connection broken by 'NewConnectionError('<urllib3.connection.HTTPConnection object at 0x00000246092977A0>: Failed to establish a new connection: [WinError 10061] No connection could be made because the target machine actively refused it')': /session/818df1f046e62855acd1a1b4d043d763
2025-06-27 13:50:55,780 - WARNING - Retrying (Retry(total=1, connect=None, read=None, redirect=None, status=None)) after connection broken by 'NewConnectionError('<urllib3.connection.HTTPConnection object at 0x0000024609297410>: Failed to establish a new connection: [WinError 10061] No connection could be made because the target machine actively refused it')': /session/818df1f046e62855acd1a1b4d043d763
2025-06-27 13:50:59,787 - WARNING - Retrying (Retry(total=0, connect=None, read=None, redirect=None, status=None)) after connection broken by 'NewConnectionError('<urllib3.connection.HTTPConnection object at 0x0000024609297950>: Failed to establish a new connection: [WinError 10061] No connection could be made because the target machine actively refused it')': /session/818df1f046e62855acd1a1b4d043d763
2025-06-27 13:51:07,831 - INFO - Scraper completed and resources closed.
2025-06-27 13:51:14,122 - INFO - Chrome launched successfully.
2025-06-27 13:51:14,128 - INFO - No login required for this tool.
2025-06-27 13:51:14,133 - INFO - Processing 3 tracked case(s).
2025-06-27 13:51:14,136 - INFO - Processing case ID 90994 (25001584CF10A)
2025-06-27 13:51:14,139 - INFO - Opening: https://www.browardclerk.org/Web2
2025-06-27 13:51:18,237 - INFO - Initial page load complete
2025-06-27 13:51:18,268 - INFO - Sending CAPTCHA to 2Captcha...
2025-06-27 13:51:18,530 - INFO - 2Captcha request accepted. ID: 79978954739
2025-06-27 13:51:21,741 - INFO - CAPTCHA solution received.
2025-06-27 13:51:23,762 - INFO - CAPTCHA solved and submit button re-enabled.
2025-06-27 13:51:24,837 - INFO - Waiting for case number input field...
2025-06-27 13:51:35,863 - INFO - Error updating case 90994: Message: 

Traceback (most recent call last):
  File "U:\docketwatch\python\docketwatch_scraper.py", line 107, in update_case
    viewer_elements = WebDriverWait(driver, 10).until(
                      ^^^^^^^^^^^^^^^^^^^^^^^^^^^^^^^^
  File "C:\Users\XKKING\AppData\Roaming\Python\Python312\site-packages\selenium\webdriver\support\wait.py", line 146, in until
    raise TimeoutException(message, screen, stacktrace)
selenium.common.exceptions.TimeoutException: Message: 


2025-06-27 13:51:37,870 - INFO - Processing case ID 116269 (PRC930004547)
2025-06-27 13:51:37,874 - INFO - Opening: https://www.browardclerk.org/Web2
2025-06-27 13:51:40,381 - INFO - Initial page load complete
2025-06-27 13:51:40,405 - INFO - Sending CAPTCHA to 2Captcha...
2025-06-27 13:51:40,647 - INFO - 2Captcha request accepted. ID: 79978956804
2025-06-27 13:51:43,843 - INFO - CAPTCHA solution received.
2025-06-27 13:51:45,859 - INFO - CAPTCHA solved and submit button re-enabled.
2025-06-27 13:51:46,927 - INFO - Waiting for case number input field...
2025-06-27 13:51:57,383 - INFO - Error updating case 116269: Message: 

Traceback (most recent call last):
  File "U:\docketwatch\python\docketwatch_scraper.py", line 107, in update_case
    viewer_elements = WebDriverWait(driver, 10).until(
                      ^^^^^^^^^^^^^^^^^^^^^^^^^^^^^^^^
  File "C:\Users\XKKING\AppData\Roaming\Python\Python312\site-packages\selenium\webdriver\support\wait.py", line 146, in until
    raise TimeoutException(message, screen, stacktrace)
selenium.common.exceptions.TimeoutException: Message: 


2025-06-27 13:51:59,388 - INFO - Processing case ID 116743 (25004312MM10A)
2025-06-27 13:51:59,392 - INFO - Opening: https://www.browardclerk.org/Web2
2025-06-27 13:52:01,993 - INFO - Initial page load complete
2025-06-27 13:52:02,020 - INFO - Sending CAPTCHA to 2Captcha...
2025-06-27 13:52:02,438 - INFO - 2Captcha request accepted. ID: 79978958894
2025-06-27 13:52:05,823 - INFO - CAPTCHA solution received.
2025-06-27 13:52:07,840 - INFO - CAPTCHA solved and submit button re-enabled.
2025-06-27 13:52:08,913 - INFO - Waiting for case number input field...
2025-06-27 13:52:19,920 - INFO - Error updating case 116743: Message: 

Traceback (most recent call last):
  File "U:\docketwatch\python\docketwatch_scraper.py", line 107, in update_case
    viewer_elements = WebDriverWait(driver, 10).until(
                      ^^^^^^^^^^^^^^^^^^^^^^^^^^^^^^^^
  File "C:\Users\XKKING\AppData\Roaming\Python\Python312\site-packages\selenium\webdriver\support\wait.py", line 146, in until
    raise TimeoutException(message, screen, stacktrace)
selenium.common.exceptions.TimeoutException: Message: 


2025-06-27 13:52:24,140 - INFO - Scraper completed and resources closed.
2025-06-27 13:53:22,922 - INFO - Chrome launched successfully.
2025-06-27 13:53:22,928 - INFO - No login required for this tool.
2025-06-27 13:53:22,932 - INFO - Processing 3 tracked case(s).
2025-06-27 13:53:22,935 - INFO - Processing case ID 90994 (25001584CF10A)
2025-06-27 13:53:22,937 - INFO - Opening: https://www.browardclerk.org/Web2
2025-06-27 13:53:26,910 - INFO - Initial page load complete
2025-06-27 13:53:26,939 - INFO - Sending CAPTCHA to 2Captcha...
2025-06-27 13:53:27,169 - INFO - 2Captcha request accepted. ID: 79978967341
2025-06-27 13:53:30,550 - INFO - Waiting for CAPTCHA solution... attempt 1
2025-06-27 13:53:33,911 - INFO - Waiting for CAPTCHA solution... attempt 2
2025-06-27 13:53:37,124 - INFO - Waiting for CAPTCHA solution... attempt 3
2025-06-27 13:53:40,339 - INFO - Waiting for CAPTCHA solution... attempt 4
2025-06-27 13:53:43,700 - INFO - Waiting for CAPTCHA solution... attempt 5
2025-06-27 13:53:46,910 - INFO - Waiting for CAPTCHA solution... attempt 6
2025-06-27 13:53:50,295 - INFO - CAPTCHA solution received.
2025-06-27 13:53:55,315 - INFO - CAPTCHA solved and submit button re-enabled.
2025-06-27 13:53:56,384 - INFO - Waiting for case number input field...
2025-06-27 13:54:06,917 - INFO - Error updating case 90994: Message: 

Traceback (most recent call last):
  File "U:\docketwatch\python\docketwatch_scraper.py", line 109, in update_case
    viewer_elements = WebDriverWait(driver, 10).until(
                      ^^^^^^^^^^^^^^^^^^^^^^^^^^^^^^^^
  File "C:\Users\XKKING\AppData\Roaming\Python\Python312\site-packages\selenium\webdriver\support\wait.py", line 146, in until
    raise TimeoutException(message, screen, stacktrace)
selenium.common.exceptions.TimeoutException: Message: 


2025-06-27 13:54:08,921 - INFO - Processing case ID 116269 (PRC930004547)
2025-06-27 13:54:08,924 - INFO - Opening: https://www.browardclerk.org/Web2
2025-06-27 13:54:11,463 - INFO - Initial page load complete
2025-06-27 13:54:11,487 - INFO - Sending CAPTCHA to 2Captcha...
2025-06-27 13:54:11,757 - INFO - 2Captcha request accepted. ID: 79978971793
2025-06-27 13:54:15,138 - INFO - CAPTCHA solution received.
2025-06-27 13:54:20,154 - INFO - CAPTCHA solved and submit button re-enabled.
2025-06-27 13:54:21,227 - INFO - Waiting for case number input field...
2025-06-27 13:54:31,663 - INFO - Error updating case 116269: Message: 

Traceback (most recent call last):
  File "U:\docketwatch\python\docketwatch_scraper.py", line 109, in update_case
    viewer_elements = WebDriverWait(driver, 10).until(
                      ^^^^^^^^^^^^^^^^^^^^^^^^^^^^^^^^
  File "C:\Users\XKKING\AppData\Roaming\Python\Python312\site-packages\selenium\webdriver\support\wait.py", line 146, in until
    raise TimeoutException(message, screen, stacktrace)
selenium.common.exceptions.TimeoutException: Message: 


2025-06-27 13:54:33,668 - INFO - Processing case ID 116743 (25004312MM10A)
2025-06-27 13:54:33,672 - INFO - Opening: https://www.browardclerk.org/Web2
2025-06-27 13:54:36,233 - INFO - Initial page load complete
2025-06-27 13:54:36,258 - INFO - Sending CAPTCHA to 2Captcha...
2025-06-27 13:54:36,507 - INFO - 2Captcha request accepted. ID: 79978974200
2025-06-27 13:54:39,721 - INFO - CAPTCHA solution received.
2025-06-27 13:54:44,738 - INFO - CAPTCHA solved and submit button re-enabled.
2025-06-27 13:54:45,802 - INFO - Waiting for case number input field...
2025-06-27 13:54:56,299 - INFO - Error updating case 116743: Message: 

Traceback (most recent call last):
  File "U:\docketwatch\python\docketwatch_scraper.py", line 109, in update_case
    viewer_elements = WebDriverWait(driver, 10).until(
                      ^^^^^^^^^^^^^^^^^^^^^^^^^^^^^^^^
  File "C:\Users\XKKING\AppData\Roaming\Python\Python312\site-packages\selenium\webdriver\support\wait.py", line 146, in until
    raise TimeoutException(message, screen, stacktrace)
selenium.common.exceptions.TimeoutException: Message: 


2025-06-27 13:55:00,525 - INFO - Scraper completed and resources closed.
2025-06-27 13:55:51,060 - INFO - Chrome launched successfully.
2025-06-27 13:55:51,066 - INFO - No login required for this tool.
2025-06-27 13:55:51,071 - INFO - Processing 3 tracked case(s).
2025-06-27 13:55:51,077 - INFO - Processing case ID 90994 (25001584CF10A)
2025-06-27 13:55:51,079 - INFO - Opening: https://www.browardclerk.org/Web2
2025-06-27 13:55:55,244 - INFO - Initial page load complete
2025-06-27 13:55:55,275 - INFO - Sending CAPTCHA to 2Captcha...
2025-06-27 13:55:55,490 - INFO - 2Captcha request accepted. ID: 79978982011
2025-06-27 13:55:58,910 - INFO - CAPTCHA solution received.
2025-06-27 13:56:06,943 - INFO - CAPTCHA solved and submit button re-enabled.
2025-06-27 13:56:08,030 - INFO - Waiting for case number input field...
2025-06-27 13:56:19,104 - INFO - Error updating case 90994: Message: 

Traceback (most recent call last):
  File "U:\docketwatch\python\docketwatch_scraper.py", line 113, in update_case
    viewer_elements = WebDriverWait(driver, 10).until(
                      ^^^^^^^^^^^^^^^^^^^^^^^^^^^^^^^^
  File "C:\Users\XKKING\AppData\Roaming\Python\Python312\site-packages\selenium\webdriver\support\wait.py", line 146, in until
    raise TimeoutException(message, screen, stacktrace)
selenium.common.exceptions.TimeoutException: Message: 


2025-06-27 13:56:21,110 - INFO - Processing case ID 116269 (PRC930004547)
2025-06-27 13:56:21,114 - INFO - Opening: https://www.browardclerk.org/Web2
2025-06-27 13:56:23,603 - INFO - Initial page load complete
2025-06-27 13:56:23,626 - INFO - Sending CAPTCHA to 2Captcha...
2025-06-27 13:56:23,917 - INFO - 2Captcha request accepted. ID: 79978984852
2025-06-27 13:56:27,129 - INFO - CAPTCHA solution received.
2025-06-27 13:56:35,150 - INFO - CAPTCHA solved and submit button re-enabled.
2025-06-27 13:56:36,218 - INFO - Waiting for case number input field...
2025-06-27 13:56:46,674 - INFO - Error updating case 116269: Message: 

Traceback (most recent call last):
  File "U:\docketwatch\python\docketwatch_scraper.py", line 113, in update_case
  File "C:\Users\XKKING\AppData\Roaming\Python\Python312\site-packages\selenium\webdriver\support\wait.py", line 146, in until
    raise TimeoutException(message, screen, stacktrace)
selenium.common.exceptions.TimeoutException: Message: 


2025-06-27 13:56:48,690 - INFO - Processing case ID 116743 (25004312MM10A)
2025-06-27 13:56:48,694 - INFO - Opening: https://www.browardclerk.org/Web2
2025-06-27 13:56:51,261 - INFO - Initial page load complete
2025-06-27 13:56:51,328 - INFO - Failed to solve reCAPTCHA: Message: invalid session id: session deleted as the browser has closed the connection
from disconnected: not connected to DevTools
  (Session info: chrome=137.0.7151.122)
Stacktrace:
	GetHandleVerifier [0x0x7ff7339d6f65+78965]
	GetHandleVerifier [0x0x7ff7339d6fc0+79056]
	(No symbol) [0x0x7ff733769dda]
	(No symbol) [0x0x7ff733755bc5]
	(No symbol) [0x0x7ff73377ac04]
	(No symbol) [0x0x7ff7337f0195]
	(No symbol) [0x0x7ff7338106cd]
	(No symbol) [0x0x7ff7337e8443]
	(No symbol) [0x0x7ff7337b1311]
	(No symbol) [0x0x7ff7337b20a3]
	GetHandleVerifier [0x0x7ff733c8e26d+2926461]
	GetHandleVerifier [0x0x7ff733c88993+2903715]
	GetHandleVerifier [0x0x7ff733ca6aed+3026941]
	GetHandleVerifier [0x0x7ff7339f16fe+187406]
	GetHandleVerifier [0x0x7ff7339f96ef+220159]
	GetHandleVerifier [0x0x7ff7339dfaf4+114692]
	GetHandleVerifier [0x0x7ff7339dfca9+115129]
	GetHandleVerifier [0x0x7ff7339c64d8+10728]
	BaseThreadInitThunk [0x0x7ffa84784de0+16]
	RtlUserThreadStart [0x0x7ffa8583edab+43]

2025-06-27 13:56:55,370 - INFO - Scraper completed and resources closed.
2025-06-27 13:57:05,971 - INFO - Chrome launched successfully.
2025-06-27 13:57:05,978 - INFO - No login required for this tool.
2025-06-27 13:57:05,983 - INFO - Processing 3 tracked case(s).
2025-06-27 13:57:05,988 - INFO - Processing case ID 90994 (25001584CF10A)
2025-06-27 13:57:05,992 - INFO - Opening: https://www.browardclerk.org/Web2
2025-06-27 13:57:10,030 - INFO - Initial page load complete
2025-06-27 13:57:10,053 - INFO - Failed to solve reCAPTCHA: Could not find data-sitekey from selector
2025-06-27 13:57:12,056 - INFO - Processing case ID 116269 (PRC930004547)
2025-06-27 13:57:12,060 - INFO - Opening: https://www.browardclerk.org/Web2
2025-06-27 13:57:14,559 - INFO - Initial page load complete
2025-06-27 13:57:14,579 - INFO - Failed to solve reCAPTCHA: Could not find data-sitekey from selector
2025-06-27 13:57:16,583 - INFO - Processing case ID 116743 (25004312MM10A)
2025-06-27 13:57:16,586 - INFO - Opening: https://www.browardclerk.org/Web2
2025-06-27 13:57:19,098 - INFO - Initial page load complete
2025-06-27 13:57:19,115 - INFO - Failed to solve reCAPTCHA: Could not find data-sitekey from selector
2025-06-27 13:57:23,318 - INFO - Scraper completed and resources closed.
2025-06-27 13:58:02,502 - INFO - Chrome launched successfully.
2025-06-27 13:58:02,508 - INFO - No login required for this tool.
2025-06-27 13:58:02,514 - INFO - Processing 3 tracked case(s).
2025-06-27 13:58:02,518 - INFO - Processing case ID 90994 (25001584CF10A)
2025-06-27 13:58:02,521 - INFO - Opening: https://www.browardclerk.org/Web2
2025-06-27 13:58:06,499 - INFO - Initial page load complete
2025-06-27 13:58:06,534 - INFO - Sending CAPTCHA to 2Captcha...
2025-06-27 13:58:06,797 - INFO - 2Captcha request accepted. ID: 79978994835
2025-06-27 13:58:10,192 - INFO - CAPTCHA solution received.
2025-06-27 13:58:12,198 - INFO - PAUSING FOR DEBUGGING — browser open
2025-06-27 14:02:00,661 - WARNING - Retrying (Retry(total=2, connect=None, read=None, redirect=None, status=None)) after connection broken by 'ConnectionResetError(10054, 'An existing connection was forcibly closed by the remote host', None, 10054, None)': /session/c5d9549604f56d7d175d75f2ba6664ef
2025-06-27 14:02:04,669 - WARNING - Retrying (Retry(total=1, connect=None, read=None, redirect=None, status=None)) after connection broken by 'NewConnectionError('<urllib3.connection.HTTPConnection object at 0x000001ACC0E53950>: Failed to establish a new connection: [WinError 10061] No connection could be made because the target machine actively refused it')': /session/c5d9549604f56d7d175d75f2ba6664ef
2025-06-27 14:02:40,300 - INFO - Chrome launched successfully.
2025-06-27 14:02:40,314 - INFO - No login required for this tool.
2025-06-27 14:02:40,318 - INFO - Processing 3 tracked case(s).
2025-06-27 14:02:40,322 - INFO - Processing case ID 90994 (25001584CF10A)
2025-06-27 14:02:40,324 - INFO - Opening: https://www.browardclerk.org/Web2
2025-06-27 14:02:44,364 - INFO - Initial page load complete
2025-06-27 14:02:44,394 - INFO - Sending CAPTCHA to 2Captcha...
2025-06-27 14:02:44,766 - INFO - 2Captcha request accepted. ID: 79979037277
2025-06-27 14:02:48,169 - INFO - CAPTCHA solution received.
2025-06-27 14:02:56,175 - INFO - PAUSING FOR DEBUGGING — browser open
2025-06-27 14:19:35,198 - INFO - CAPTCHA solved and submit button re-enabled.
2025-06-27 14:19:36,277 - INFO - Waiting for case number input field...
2025-06-27 14:19:46,496 - INFO - Error updating case 90994: Message: 

Traceback (most recent call last):
  File "U:\docketwatch\python\docketwatch_scraper.py", line 115, in update_case
    viewer_elements = WebDriverWait(driver, 10).until(
                      ^^^^^^^^^^^^^^^^^^^^^^^^^^^^^^^^
  File "C:\Users\XKKING\AppData\Roaming\Python\Python312\site-packages\selenium\webdriver\support\wait.py", line 146, in until
    raise TimeoutException(message, screen, stacktrace)
selenium.common.exceptions.TimeoutException: Message: 


2025-06-27 14:19:48,501 - INFO - Processing case ID 116269 (PRC930004547)
2025-06-27 14:19:48,505 - INFO - Opening: https://www.browardclerk.org/Web2
2025-06-27 14:19:51,219 - INFO - Initial page load complete
2025-06-27 14:19:51,249 - INFO - Sending CAPTCHA to 2Captcha...
2025-06-27 14:19:51,665 - INFO - 2Captcha request accepted. ID: 79979135175
2025-06-27 14:19:55,041 - INFO - CAPTCHA solution received.
2025-06-27 14:20:03,049 - INFO - PAUSING FOR DEBUGGING — browser open
2025-06-27 14:36:42,069 - INFO - CAPTCHA solved and submit button re-enabled.
2025-06-27 14:36:43,161 - INFO - Waiting for case number input field...
2025-06-27 14:36:53,769 - INFO - Error updating case 116269: Message: 

Traceback (most recent call last):
  File "U:\docketwatch\python\docketwatch_scraper.py", line 115, in update_case
    viewer_elements = WebDriverWait(driver, 10).until(
                      ^^^^^^^^^^^^^^^^^^^^^^^^^^^^^^^^
  File "C:\Users\XKKING\AppData\Roaming\Python\Python312\site-packages\selenium\webdriver\support\wait.py", line 146, in until
    raise TimeoutException(message, screen, stacktrace)
selenium.common.exceptions.TimeoutException: Message: 


2025-06-27 14:36:55,774 - INFO - Processing case ID 116743 (25004312MM10A)
2025-06-27 14:36:55,778 - INFO - Opening: https://www.browardclerk.org/Web2
2025-06-27 14:36:58,484 - INFO - Initial page load complete
2025-06-27 14:36:58,513 - INFO - Sending CAPTCHA to 2Captcha...
2025-06-27 14:36:58,913 - INFO - 2Captcha request accepted. ID: 79979235082
2025-06-27 14:37:02,306 - INFO - CAPTCHA solution received.
2025-06-27 14:37:10,313 - INFO - PAUSING FOR DEBUGGING — browser open
2025-06-27 14:53:49,335 - INFO - CAPTCHA solved and submit button re-enabled.
2025-06-27 14:53:50,417 - INFO - Waiting for case number input field...
2025-06-27 14:54:00,977 - INFO - Error updating case 116743: Message: 

Traceback (most recent call last):
  File "U:\docketwatch\python\docketwatch_scraper.py", line 115, in update_case
    viewer_elements = WebDriverWait(driver, 10).until(
                      ^^^^^^^^^^^^^^^^^^^^^^^^^^^^^^^^
  File "C:\Users\XKKING\AppData\Roaming\Python\Python312\site-packages\selenium\webdriver\support\wait.py", line 146, in until
    raise TimeoutException(message, screen, stacktrace)
selenium.common.exceptions.TimeoutException: Message: 


2025-06-27 14:54:06,417 - INFO - Scraper completed and resources closed.
2025-07-14 11:53:03,734 - INFO - Chrome launched successfully.
2025-07-14 11:53:03,779 - INFO - No login required for this tool.
2025-07-14 11:53:03,786 - INFO - Processing 3 tracked case(s).
2025-07-14 11:53:03,789 - INFO - Processing case ID 90994 (25001584CF10A)
2025-07-14 11:53:03,796 - INFO - Opening: https://www.browardclerk.org/Web2
2025-07-14 11:53:08,103 - INFO - Initial page load complete
2025-07-14 11:53:08,142 - INFO - Sending CAPTCHA to 2Captcha...
2025-07-14 11:53:08,550 - ERROR - 2Captcha request failed: ERROR_ZERO_BALANCE
2025-07-14 11:53:08,551 - INFO - Failed to solve reCAPTCHA: 2Captcha request failed: ERROR_ZERO_BALANCE
2025-07-14 11:53:10,556 - INFO - Processing case ID 116269 (PRC930004547)
2025-07-14 11:53:10,565 - INFO - Opening: https://www.browardclerk.org/Web2
2025-07-14 11:53:13,145 - INFO - Initial page load complete
2025-07-14 11:53:13,169 - INFO - Sending CAPTCHA to 2Captcha...
2025-07-14 11:53:13,370 - ERROR - 2Captcha request failed: ERROR_ZERO_BALANCE
2025-07-14 11:53:13,371 - INFO - Failed to solve reCAPTCHA: 2Captcha request failed: ERROR_ZERO_BALANCE
2025-07-14 11:53:15,376 - INFO - Processing case ID 116743 (25004312MM10A)
2025-07-14 11:53:15,386 - INFO - Opening: https://www.browardclerk.org/Web2
2025-07-14 11:53:17,982 - INFO - Initial page load complete
2025-07-14 11:53:18,003 - INFO - Sending CAPTCHA to 2Captcha...
2025-07-14 11:53:18,218 - ERROR - 2Captcha request failed: ERROR_ZERO_BALANCE
2025-07-14 11:53:18,219 - INFO - Failed to solve reCAPTCHA: 2Captcha request failed: ERROR_ZERO_BALANCE
2025-07-14 11:53:22,419 - INFO - Scraper completed and resources closed.
