2025-06-30 09:54:10,803 - INFO - === New York County Case Scraper Started ===
2025-06-30 09:54:11,204 - INFO - patching driver executable C:\Users\XKKING\appdata\roaming\undetected_chromedriver\undetected_chromedriver.exe
2025-06-30 09:55:13,691 - INFO - Failed to launch ChromeDriver: Message: session not created: cannot connect to chrome at 127.0.0.1:60416
from chrome not reachable
Stacktrace:
	GetHandleVerifier [0x0x1094493+62419]
	GetHandleVerifier [0x0x10944d4+62484]
	(No symbol) [0x0xed1f90]
	(No symbol) [0x0xec5f3a]
	(No symbol) [0x0xf0ae76]
	(No symbol) [0x0xf0132f]
	(No symbol) [0x0xf01166]
	(No symbol) [0x0xf4af3e]
	(No symbol) [0x0xf4a82a]
	(No symbol) [0x0xf3f266]
	(No symbol) [0x0xf0e852]
	(No symbol) [0x0xf0f6f4]
	GetHandleVerifier [0x0x1304773+2619059]
	GetHandleVerifier [0x0x12ffb8a+2599626]
	GetHandleVerifier [0x0x10bb03a+221050]
	GetHandleVerifier [0x0x10ab2b8+156152]
	GetHandleVerifier [0x0x10b1c6d+183213]
	GetHandleVerifier [0x0x109c378+94904]
	GetHandleVerifier [0x0x109c502+95298]
	GetHandleVerifier [0x0x108765a+9626]
	BaseThreadInitThunk [0x0x75ed6a39+25]
	RtlGetFullPathName_UEx [0x0x76f4800d+173]
	RtlGetFullPathName_UEx [0x0x76f47fdb+123]

2025-06-30 09:55:45,308 - INFO - === New York County Case Scraper Started ===
2025-06-30 09:55:45,727 - INFO - patching driver executable C:\Users\XKKING\appdata\roaming\undetected_chromedriver\undetected_chromedriver.exe
2025-06-30 09:56:48,181 - INFO - Failed to launch ChromeDriver: Message: session not created: cannot connect to chrome at 127.0.0.1:60575
from chrome not reachable
Stacktrace:
	GetHandleVerifier [0x0x8f4493+62419]
	GetHandleVerifier [0x0x8f44d4+62484]
	(No symbol) [0x0x731f90]
	(No symbol) [0x0x725f3a]
	(No symbol) [0x0x76ae76]
	(No symbol) [0x0x76132f]
	(No symbol) [0x0x761166]
	(No symbol) [0x0x7aaf3e]
	(No symbol) [0x0x7aa82a]
	(No symbol) [0x0x79f266]
	(No symbol) [0x0x76e852]
	(No symbol) [0x0x76f6f4]
	GetHandleVerifier [0x0xb64773+2619059]
	GetHandleVerifier [0x0xb5fb8a+2599626]
	GetHandleVerifier [0x0x91b03a+221050]
	GetHandleVerifier [0x0x90b2b8+156152]
	GetHandleVerifier [0x0x911c6d+183213]
	GetHandleVerifier [0x0x8fc378+94904]
	GetHandleVerifier [0x0x8fc502+95298]
	GetHandleVerifier [0x0x8e765a+9626]
	BaseThreadInitThunk [0x0x75ed6a39+25]
	RtlGetFullPathName_UEx [0x0x76f4800d+173]
	RtlGetFullPathName_UEx [0x0x76f47fdb+123]

2025-06-30 10:16:04,063 - INFO - === New York County Case Scraper Started ===
2025-06-30 10:16:04,441 - INFO - patching driver executable C:\Users\XKKING\appdata\roaming\undetected_chromedriver\undetected_chromedriver.exe
2025-06-30 10:17:06,911 - INFO - Failed to launch ChromeDriver: Message: session not created: cannot connect to chrome at 127.0.0.1:61814
from chrome not reachable
Stacktrace:
	GetHandleVerifier [0x0xc64493+62419]
	GetHandleVerifier [0x0xc644d4+62484]
	(No symbol) [0x0xaa1f90]
	(No symbol) [0x0xa95f3a]
	(No symbol) [0x0xadae76]
	(No symbol) [0x0xad132f]
	(No symbol) [0x0xad1166]
	(No symbol) [0x0xb1af3e]
	(No symbol) [0x0xb1a82a]
	(No symbol) [0x0xb0f266]
	(No symbol) [0x0xade852]
	(No symbol) [0x0xadf6f4]
	GetHandleVerifier [0x0xed4773+2619059]
	GetHandleVerifier [0x0xecfb8a+2599626]
	GetHandleVerifier [0x0xc8b03a+221050]
	GetHandleVerifier [0x0xc7b2b8+156152]
	GetHandleVerifier [0x0xc81c6d+183213]
	GetHandleVerifier [0x0xc6c378+94904]
	GetHandleVerifier [0x0xc6c502+95298]
	GetHandleVerifier [0x0xc5765a+9626]
	BaseThreadInitThunk [0x0x75ed6a39+25]
	RtlGetFullPathName_UEx [0x0x76f4800d+173]
	RtlGetFullPathName_UEx [0x0x76f47fdb+123]

2025-07-14 11:20:01,494 - INFO - === New York County Case Scraper Started ===
2025-07-14 11:20:01,914 - INFO - patching driver executable C:\Users\tmzcoldfusion-svc\appdata\roaming\undetected_chromedriver\undetected_chromedriver.exe
2025-07-14 11:20:24,926 - INFO - === Scraper Started for Hamilton County Supreme Court (HAMI) ===
2025-07-14 11:20:48,070 - INFO - Error scraping HAMI: Message: 

2025-07-14 11:20:48,075 - INFO - === Scraper Started for Lewis County Supreme Court (LEWI) ===
2025-07-14 11:21:10,818 - INFO - Error scraping LEWI: Message: 

2025-07-14 11:21:10,822 - INFO - === Scraper Started for Schoharie County Supreme Court (SCHO) ===
2025-07-14 11:21:33,332 - INFO - Error scraping SCHO: Message: 

2025-07-14 11:21:33,337 - INFO - === Scraper Started for Greene County Supreme Court (GREE) ===
2025-07-14 11:21:46,333 - INFO - Inserted and processed case: Capital One N.A. Successor By Merger To Discover Bank v. Traejin Ivery for GREE
2025-07-14 11:21:46,461 - INFO - Inserted and processed case: Capital One N.A. Successor By Merger To Discover Bank v. Shahan N Ali for GREE
2025-07-14 11:21:46,587 - INFO - Inserted and processed case: Steven Almindo v. Shelly A Fitch et al for GREE
2025-07-14 11:21:46,607 - INFO - No more pages found for GREE. Updating timestamp.
2025-07-14 11:21:46,611 - INFO - === Scraper Started for Saratoga County Supreme Court (SARA) ===
2025-07-14 11:21:59,211 - INFO - Inserted and processed case: JEFFERSON CAPITAL SYSTEMS, LLC v. KAREKA BARSS for SARA
2025-07-14 11:21:59,318 - INFO - Inserted and processed case: HOLLY AHERN v. KEVIN AHERN for SARA
2025-07-14 11:21:59,418 - INFO - Inserted and processed case: CAPITAL ONE, N.A., successor by merger to DISCOVER BANK v. William H Harvey Jr for SARA
2025-07-14 11:21:59,526 - INFO - Inserted and processed case: Ruth Tuller v. Christopher Tuller for SARA
2025-07-14 11:21:59,628 - INFO - Inserted and processed case: Kaitlyn E Lewis v. FCA US LLC for SARA
2025-07-14 11:21:59,728 - INFO - Inserted and processed case: CAPITAL ONE, N.A. SUCCESSOR BY MERGER TO CAPITAL ONE BANK (USA), N.A. v. JANINE G SCHREIBER for SARA
2025-07-14 11:21:59,841 - INFO - Inserted and processed case: CAPITAL ONE, N.A. SUCCESSOR BY MERGER TO CAPITAL ONE BANK (USA), N.A. v. JOSEPH R NAZZARO for SARA
2025-07-14 11:21:59,863 - INFO - No more pages found for SARA. Updating timestamp.
2025-07-14 11:21:59,867 - INFO - === NYC Court Scraper Complete ===
2025-07-14 11:44:01,157 - INFO - === New York County Case Scraper Started ===
2025-07-14 11:44:01,549 - INFO - patching driver executable C:\Users\tmzcoldfusion-svc\appdata\roaming\undetected_chromedriver\undetected_chromedriver.exe
2025-07-14 11:44:24,134 - INFO - === Scraper Started for Hamilton County Supreme Court (HAMI) ===
2025-07-14 11:44:47,200 - INFO - Error scraping HAMI: Message: 

2025-07-14 11:44:47,202 - INFO - === Scraper Started for Lewis County Supreme Court (LEWI) ===
2025-07-14 11:45:10,027 - INFO - Error scraping LEWI: Message: 

2025-07-14 11:45:10,033 - INFO - === Scraper Started for Schoharie County Supreme Court (SCHO) ===
2025-07-14 11:45:32,817 - INFO - Error scraping SCHO: Message: 

2025-07-14 11:45:32,821 - INFO - === Scraper Started for Wayne County Supreme Court (WAYN) ===
2025-07-14 11:45:45,581 - INFO - Inserted and processed case: Midland Credit Management, Inc v. TIFFANY HILFIKER for WAYN
2025-07-14 11:45:45,719 - INFO - Inserted and processed case: Five Star Bank v. Brian Paul Atwell for WAYN
2025-07-14 11:45:45,750 - INFO - No more pages found for WAYN. Updating timestamp.
2025-07-14 11:45:45,755 - INFO - === Scraper Started for Broome County Supreme Court (BROO) ===
2025-07-14 11:45:58,455 - INFO - Inserted and processed case: PATRICIA M. MITCHELL v. ABSOLUT CENTER FOR NURSING AND REHABILITATION AT ENDICOTT, LLC et al for BROO
2025-07-14 11:45:58,601 - INFO - Inserted and processed case: Midland Credit Management, Inc v. ANDREW ROUGHT for BROO
2025-07-14 11:45:58,726 - INFO - Inserted and processed case: Midland Credit Management, Inc v. SARA M COOK for BROO
2025-07-14 11:45:58,832 - INFO - Inserted and processed case: Midland Credit Management, Inc v. BELYNDA RAMINGER for BROO
2025-07-14 11:45:58,942 - INFO - Inserted and processed case: Syracuse University v. Ursula Swiza et al for BROO
2025-07-14 11:45:59,044 - INFO - Inserted and processed case: Midland Credit Management, Inc v. JAMES PARK for BROO
2025-07-14 11:45:59,149 - INFO - Inserted and processed case: Midland Credit Management, Inc v. LEEANN NALEPA for BROO
2025-07-14 11:45:59,263 - INFO - Inserted and processed case: Midland Credit Management, Inc v. MICHELE A PASQUALE for BROO
2025-07-14 11:45:59,375 - INFO - Inserted and processed case: Midland Credit Management, Inc v. NAOMI VANDEWALKER for BROO
2025-07-14 11:45:59,393 - INFO - No more pages found for BROO. Updating timestamp.
2025-07-14 11:45:59,398 - INFO - === NYC Court Scraper Complete ===
