2025-07-01 12:00:44,434 - INFO - Attempting download: doc_id=31145261730, doc_uid=6CB045CC-6286-4918-8BDF-A256892CE2A6, url=https://ecf.cacd.uscourts.gov/cgi-bin/show_multidocs.pl?caseid=856166&arr_de_seq_nums=396&pdf_header=2&pdf_toggle_possible=1&zipit=1
2025-07-01 12:33:52,647 - INFO - Unhandled error: 'pyodbc.Row' object has no attribute 'download_url'
2025-07-01 12:35:12,766 - INFO - Attempting download: doc_id=31145261730, doc_uid=6CB045CC-6286-4918-8BDF-A256892CE2A6, url=https://ecf.cacd.uscourts.gov/doc1/31145261730
2025-07-01 12:35:20,459 - INFO - Download button not found for E31145261730.pdf
2025-07-01 12:43:08,314 - INFO - Processing case_event_id: 3B9EB3BF-8483-428C-8448-8D75A95B385B
2025-07-01 12:43:21,472 - INFO - PACER CSRF form submitted.
2025-07-01 12:43:21,486 - INFO - Unhandled error: 'pyodbc.Row' object has no attribute 'doc_uid'
2025-07-01 12:44:49,831 - INFO - Processing case_event_id: 3B9EB3BF-8483-428C-8448-8D75A95B385B
2025-07-01 12:45:02,610 - INFO - PACER CSRF form submitted.
2025-07-01 12:45:02,648 - INFO - Unhandled error: 'pyodbc.Row' object has no attribute 'fk_case'
2025-07-01 12:46:51,186 - INFO - Processing case_event_id: 3B9EB3BF-8483-428C-8448-8D75A95B385B
2025-07-01 12:47:04,035 - INFO - PACER CSRF form submitted.
2025-07-01 12:47:04,095 - INFO - Download URL for doc_id 31145261730: https://ecf.cacd.uscourts.gov/cgi-bin/show_multidocs.pl?caseid=856166&arr_de_seq_nums=396&pdf_header=2&pdf_toggle_possible=1&zipit=1
2025-07-01 12:47:12,447 - INFO - Download failed for E31145261730.pdf: Message: javascript error: argume is not defined
  (Session info: chrome=138.0.7204.51)
Stacktrace:
	GetHandleVerifier [0x0x7ff79c416f65+76917]
	GetHandleVerifier [0x0x7ff79c416fc0+77008]
	(No symbol) [0x0x7ff79c1c9dea]
	(No symbol) [0x0x7ff79c1d1789]
	(No symbol) [0x0x7ff79c1d4b71]
	(No symbol) [0x0x7ff79c2719cb]
	(No symbol) [0x0x7ff79c24846a]
	(No symbol) [0x0x7ff79c27065c]
	(No symbol) [0x0x7ff79c248243]
	(No symbol) [0x0x7ff79c211431]
	(No symbol) [0x0x7ff79c2121c3]
	GetHandleVerifier [0x0x7ff79c6ed29d+3051437]
	GetHandleVerifier [0x0x7ff79c6e78f3+3028483]
	GetHandleVerifier [0x0x7ff79c70588d+3151261]
	GetHandleVerifier [0x0x7ff79c43182e+185662]
	GetHandleVerifier [0x0x7ff79c4396ef+218111]
	GetHandleVerifier [0x0x7ff79c41fae4+112628]
	GetHandleVerifier [0x0x7ff79c41fc99+113065]
	GetHandleVerifier [0x0x7ff79c406c68+10616]
	BaseThreadInitThunk [0x0x7ffa84784de0+16]
	RtlUserThreadStart [0x0x7ffa8583edab+43]

2025-07-01 12:48:49,991 - INFO - Processing case_event_id: 3B9EB3BF-8483-428C-8448-8D75A95B385B
2025-07-01 12:49:01,852 - INFO - PACER CSRF form submitted.
2025-07-01 12:49:01,895 - INFO - Download URL for doc_id 31145261730: https://ecf.cacd.uscourts.gov/cgi-bin/show_multidocs.pl?caseid=856166&arr_de_seq_nums=396&pdf_header=2&pdf_toggle_possible=1&zipit=1
2025-07-01 12:49:47,985 - INFO - ZIP not found for E31145261730.pdf
2025-07-01 12:53:17,007 - INFO - Processing case_event_id: 3B9EB3BF-8483-428C-8448-8D75A95B385B
2025-07-01 12:53:29,784 - INFO - PACER CSRF form submitted.
2025-07-01 12:53:29,828 - INFO - Download URL for doc_id 31145261730: https://ecf.cacd.uscourts.gov/cgi-bin/show_multidocs.pl?caseid=856166&arr_de_seq_nums=396&pdf_header=2&pdf_toggle_possible=1&zipit=1
2025-07-01 12:53:38,892 - INFO - Submitted referrer form.
2025-07-01 12:53:43,985 - INFO - No 'Continue' button found—skipping.
2025-07-01 12:53:49,073 - INFO - 'View Document' button not found for E31145261730.pdf
2025-07-01 12:56:37,354 - INFO - Processing case_event_id: 3B9EB3BF-8483-428C-8448-8D75A95B385B
2025-07-01 12:56:49,387 - INFO - PACER CSRF form submitted.
2025-07-01 12:56:49,429 - INFO - Download URL for doc_id 31145261730: https://ecf.cacd.uscourts.gov/cgi-bin/show_multidocs.pl?caseid=856166&arr_de_seq_nums=396&pdf_header=2&pdf_toggle_possible=1&zipit=1
2025-07-01 12:57:53,861 - INFO - Submitted referrer form.
2025-07-01 12:57:58,699 - INFO - No 'Continue' button found—skipping.
2025-07-01 12:57:58,704 - INFO - 'View Document' button not found for E31145261730.pdf
2025-07-01 12:58:10,823 - INFO - Processing case_event_id: 3B9EB3BF-8483-428C-8448-8D75A95B385B
2025-07-01 12:58:22,847 - INFO - PACER CSRF form submitted.
2025-07-01 12:58:22,895 - INFO - Download URL for doc_id 31145261730: https://ecf.cacd.uscourts.gov/cgi-bin/show_multidocs.pl?caseid=856166&arr_de_seq_nums=396&pdf_header=2&pdf_toggle_possible=1&zipit=1
2025-07-01 12:59:26,929 - INFO - Submitted referrer form.
2025-07-01 12:59:32,018 - INFO - No 'Continue' button found—skipping.
2025-07-01 12:59:37,104 - INFO - 'View Document' button not found for E31145261730.pdf
2025-07-01 13:03:27,694 - INFO - Navigating to: https://ecf.cacd.uscourts.gov/doc1/31145261730
2025-07-01 13:03:34,402 - INFO - Submitted CSRF referrer form.
2025-07-01 13:03:49,778 - INFO - 'View Document' button not found for doc_id 31145261730
2025-07-01 13:04:11,020 - INFO - Navigating to: https://ecf.cacd.uscourts.gov/doc1/31145261730
2025-07-01 13:04:17,435 - INFO - Submitted CSRF referrer form.
2025-07-01 13:04:25,689 - INFO - Clicked 'View Document' button.
2025-07-01 13:06:30,189 - INFO - Processing case_event_id: 3B9EB3BF-8483-428C-8448-8D75A95B385B
2025-07-01 13:06:36,478 - INFO - Navigating to PDF URL: https://ecf.cacd.uscourts.gov/doc1/031145261730?caseid=856166&de_seq_num=396
2025-07-01 13:06:47,363 - INFO - Marked PDF as downloaded: E31145261730.pdf
2025-07-01 13:28:05,098 - INFO - Processing case_event_id: 3B9EB3BF-8483-428C-8448-8D75A95B385B
2025-07-01 13:28:10,162 - INFO - Navigating to PDF URL: https://ecf.cacd.uscourts.gov/doc1/031145261730?caseid=856166&de_seq_num=396
2025-07-01 13:28:21,398 - INFO - Marked PDF as downloaded: E31145261730.pdf
2025-07-01 13:48:30,496 - INFO - Processing case_event_id: 3B9EB3BF-8483-428C-8448-8D75A95B385B
2025-07-01 13:48:36,613 - INFO - Navigating to PDF URL: https://ecf.cacd.uscourts.gov/doc1/031145261730?caseid=856166&de_seq_num=396
2025-07-01 13:48:47,464 - INFO - Marked PDF as downloaded: E31145261730.pdf
2025-07-07 18:17:44,082 - INFO - Processing case_event_id: 8FA44252-8947-4D0F-8004-ECDEB9F48976
2025-07-07 18:17:49,100 - INFO - Navigating to PDF URL: https://ecf.nysd.uscourts.gov/doc1/127137818597
2025-07-07 18:18:00,394 - INFO - Marked PDF as downloaded: E127137818597.pdf
2025-07-07 18:18:00,433 - INFO - Navigating to PDF URL: https://ecf.nysd.uscourts.gov/doc1/127137818596
2025-07-07 18:18:11,001 - INFO - Marked PDF as downloaded: E127137818596.pdf
2025-07-07 18:18:21,992 - INFO - Processing case_event_id: A8376588-19A1-4E83-85B2-C61170128688
2025-07-07 18:18:27,135 - INFO - Navigating to PDF URL: https://ecf.nysd.uscourts.gov/doc1/127137761989
2025-07-07 18:18:38,376 - INFO - Marked PDF as downloaded: E127137761989.pdf
2025-07-07 18:18:49,141 - INFO - Processing case_event_id: 6A004FFB-B1F0-49D9-8C1D-52E0DC41879E
2025-07-07 18:18:54,218 - INFO - Navigating to PDF URL: https://ecf.nysd.uscourts.gov/doc1/127137762587?caseid=634304&de_seq_num=1274
2025-07-07 18:19:05,448 - INFO - Marked PDF as downloaded: E127137762587.pdf
2025-07-07 18:19:16,239 - INFO - Processing case_event_id: 943FF4B8-A4A6-4DD4-BB99-75ADA573C7A1
2025-07-07 18:19:21,239 - INFO - Navigating to PDF URL: https://ecf.nysd.uscourts.gov/doc1/127137762638?caseid=634304&de_seq_num=1276
2025-07-07 18:19:32,459 - INFO - Marked PDF as downloaded: E127137762638.pdf
2025-07-07 18:19:43,192 - INFO - Processing case_event_id: E216631C-2C4F-40E5-9CC4-F9DD2408BE9A
2025-07-07 18:19:48,058 - INFO - Navigating to PDF URL: https://ecf.nysd.uscourts.gov/doc1/127137745928
2025-07-07 18:19:59,266 - INFO - Marked PDF as downloaded: E127137745928.pdf
2025-07-07 18:20:10,125 - INFO - Processing case_event_id: 6E897293-C857-4869-9D2B-46E3A08D07E1
2025-07-07 18:20:15,010 - INFO - Navigating to PDF URL: https://ecf.nysd.uscourts.gov/doc1/127137745016?caseid=637776&de_seq_num=470
2025-07-07 18:20:26,212 - INFO - Marked PDF as downloaded: E127137745016.pdf
2025-07-07 18:20:37,020 - INFO - Processing case_event_id: CF2AC08F-D13B-4EA5-AE22-1C7658B51FFC
2025-07-07 18:20:41,904 - INFO - Navigating to PDF URL: https://ecf.alsd.uscourts.gov/doc1/02113852009?caseid=75366&de_seq_num=185
2025-07-07 18:20:53,319 - INFO - Marked PDF as downloaded: E2113852009.pdf
2025-07-07 18:21:04,387 - INFO - Processing case_event_id: 2B597F9D-8CF2-4041-8DFF-BA10D270EAEE
2025-07-07 18:21:09,428 - INFO - Navigating to PDF URL: https://ecf.nysd.uscourts.gov/doc1/127137702674?caseid=628425&de_seq_num=1235
2025-07-07 18:21:20,658 - INFO - Marked PDF as downloaded: E127137702674.pdf
2025-07-07 18:21:31,625 - INFO - Processing case_event_id: A4315835-D8EB-471D-B865-4CAF358803FA
2025-07-07 18:21:36,527 - INFO - Navigating to PDF URL: https://ecf.nysd.uscourts.gov/doc1/127137693575?caseid=634304&de_seq_num=1132
2025-07-07 18:21:47,782 - INFO - Marked PDF as downloaded: E127137693575.pdf
2025-07-07 18:21:58,487 - INFO - Processing case_event_id: 15EF4022-1C15-4BDD-A62D-EDA3F2500CFE
2025-07-07 18:22:04,120 - INFO - Navigating to PDF URL: https://ecf.nysd.uscourts.gov/doc1/127137689640?caseid=628425&de_seq_num=1229
2025-07-07 18:22:15,317 - INFO - Marked PDF as downloaded: E127137689640.pdf
2025-07-07 18:23:26,152 - INFO - Processing case_event_id: 131AB691-C08E-4AC8-9CAD-79A9C1025141
2025-07-07 18:23:31,205 - INFO - Navigating to PDF URL: https://ecf.nysd.uscourts.gov/doc1/127137685351?caseid=634304&de_seq_num=1121
2025-07-07 18:23:42,430 - INFO - Marked PDF as downloaded: E127137685351.pdf
2025-07-07 18:23:53,193 - INFO - Processing case_event_id: 186D0E8E-E8E0-47E2-8406-16A02D02A94A
2025-07-07 18:23:58,108 - INFO - Navigating to PDF URL: https://ecf.flmd.uscourts.gov/doc1/047128596523?caseid=434676&de_seq_num=265
2025-07-07 18:24:09,650 - INFO - Marked PDF as downloaded: E47128596523.pdf
2025-07-07 18:24:20,546 - INFO - Processing case_event_id: DD7C3E1B-7FDD-4288-8BF8-B8498315C65D
2025-07-07 18:24:25,485 - INFO - Navigating to PDF URL: https://ecf.nysd.uscourts.gov/doc1/127137682635?caseid=508719&de_seq_num=1330
2025-07-07 18:24:36,692 - INFO - Marked PDF as downloaded: E127137682635.pdf
2025-07-07 18:24:47,477 - INFO - Processing case_event_id: 64BE02E3-4EE1-4B0A-85A3-23576ECCD8E9
2025-07-07 18:24:53,034 - INFO - Navigating to PDF URL: https://ecf.nysd.uscourts.gov/doc1/127137680910?caseid=634304&de_seq_num=1105
2025-07-07 18:25:04,233 - INFO - Marked PDF as downloaded: E127137680910.pdf
2025-07-07 18:25:15,107 - INFO - Processing case_event_id: 904522A1-D474-4537-A6CD-61BD1011D3F0
2025-07-07 18:25:20,752 - INFO - Navigating to PDF URL: https://ecf.nysd.uscourts.gov/doc1/127137679332?caseid=628425&de_seq_num=1221
2025-07-07 18:25:31,950 - INFO - Marked PDF as downloaded: E127137679332.pdf
2025-07-07 18:25:42,643 - INFO - Processing case_event_id: 73A11DE2-8EE7-4483-9387-14923ADF9082
2025-07-07 18:25:48,239 - INFO - Navigating to PDF URL: https://ecf.nysd.uscourts.gov/doc1/127137679344?caseid=628425&de_seq_num=1223
2025-07-07 18:25:59,438 - INFO - Marked PDF as downloaded: E127137679344.pdf
2025-07-07 18:26:10,229 - INFO - Processing case_event_id: D4B4DD70-2219-4C98-AE86-050F0C58CFC3
2025-07-07 18:26:15,803 - INFO - Navigating to PDF URL: https://ecf.nysd.uscourts.gov/doc1/127137679387?caseid=628425&de_seq_num=1225
2025-07-07 18:26:27,020 - INFO - Marked PDF as downloaded: E127137679387.pdf
2025-07-07 18:26:37,764 - INFO - Processing case_event_id: 8679CB07-F49B-4684-B5B9-A98A1468400A
2025-07-07 18:26:43,310 - INFO - Navigating to PDF URL: https://ecf.nysd.uscourts.gov/doc1/127137679395?caseid=628425&de_seq_num=1227
2025-07-07 18:26:54,509 - INFO - Marked PDF as downloaded: E127137679395.pdf
2025-07-07 18:27:05,328 - INFO - Processing case_event_id: 2C8F78F4-7B1F-429D-B4A0-B6FCCE67B0E3
2025-07-07 18:27:10,198 - INFO - Navigating to PDF URL: https://ecf.ilnd.uscourts.gov/doc1/067032650743?caseid=366672&de_seq_num=1875
2025-07-07 18:27:21,274 - INFO - Marked PDF as downloaded: E67032650743.pdf
2025-07-07 18:27:32,060 - INFO - Processing case_event_id: A812F4DC-8A8B-4ACE-839B-CBBA88ABB074
2025-07-07 18:27:36,964 - INFO - Navigating to PDF URL: https://ecf.flmd.uscourts.gov/doc1/047128592044?caseid=434676&de_seq_num=260
2025-07-07 18:27:48,142 - INFO - Marked PDF as downloaded: E47128592044.pdf
2025-07-07 18:28:58,932 - INFO - Processing case_event_id: D16C4A81-EA6D-4526-9C69-48B7157DAF7D
2025-07-07 18:29:03,863 - INFO - Navigating to PDF URL: https://ecf.nysd.uscourts.gov/doc1/127137678626?caseid=634304&de_seq_num=1102
2025-07-07 18:29:15,108 - INFO - Marked PDF as downloaded: E127137678626.pdf
2025-07-07 18:29:25,995 - INFO - Processing case_event_id: 6D0535BF-BB6C-4760-91B3-7FD5B82A3631
2025-07-07 18:29:30,928 - INFO - Navigating to PDF URL: https://ecf.tnwd.uscourts.gov/doc1/17115724694?caseid=104285&de_seq_num=243
2025-07-07 18:29:42,300 - INFO - Marked PDF as downloaded: E17115724694.pdf
2025-07-07 18:29:53,120 - INFO - Processing case_event_id: E9FEE0FD-11BE-40CB-9061-AAE30A94C92F
2025-07-07 18:29:57,992 - INFO - Navigating to PDF URL: https://ecf.ilnd.uscourts.gov/doc1/067132647353?caseid=366672&de_seq_num=1868
2025-07-07 18:30:08,712 - INFO - Marked PDF as downloaded: E67132647353.pdf
2025-07-07 18:30:19,536 - INFO - Processing case_event_id: 42FA9ED3-8952-4FBC-B120-39230708CE1A
2025-07-07 18:30:24,414 - INFO - Navigating to PDF URL: https://ecf.nysd.uscourts.gov/doc1/127137676500?caseid=634304&de_seq_num=1092
2025-07-07 18:30:35,817 - INFO - Marked PDF as downloaded: E127137676500.pdf
2025-07-07 18:30:46,704 - INFO - Processing case_event_id: 2206577D-9D0C-4FB0-88A6-E9C62EA7C101
2025-07-07 18:30:51,622 - INFO - Navigating to PDF URL: https://ecf.nysd.uscourts.gov/doc1/127137671210?caseid=628425&de_seq_num=1217
2025-07-07 18:31:03,039 - INFO - Marked PDF as downloaded: E127137671210.pdf
2025-07-07 23:37:16,600 - INFO - Processing case_event_id: D36918DE-A772-4AF1-B91E-D5CF03A7F783
2025-07-07 23:37:22,355 - INFO - Navigating to PDF URL: https://ecf.nysd.uscourts.gov/doc1/127137819372?caseid=634304&de_seq_num=1309
2025-07-07 23:37:33,652 - INFO - Marked PDF as downloaded: E127137819372.pdf
2025-07-07 23:38:44,380 - INFO - Processing case_event_id: 1A1A744E-408A-4E2A-8716-A13AFA25F681
2025-07-07 23:38:50,152 - INFO - Navigating to PDF URL: https://ecf.tnwd.uscourts.gov/doc1/17115744852?caseid=104285&de_seq_num=286
2025-07-07 23:39:01,492 - INFO - Marked PDF as downloaded: E17115744852.pdf
2025-07-07 23:40:12,369 - INFO - Processing case_event_id: B86B9C95-515C-49BC-A42E-B065985083AE
2025-07-07 23:40:18,068 - INFO - Navigating to PDF URL: https://ecf.tnwd.uscourts.gov/doc1/17115744855?caseid=104285&de_seq_num=289
2025-07-07 23:40:29,363 - INFO - Marked PDF as downloaded: E17115744855.pdf
2025-07-07 23:41:40,375 - INFO - Processing case_event_id: 337C5C9A-E1C2-4203-A9F3-6A3660DC265C
2025-07-07 23:41:45,303 - INFO - Navigating to PDF URL: https://ecf.cacd.uscourts.gov/doc1/031045329389?caseid=844195&de_seq_num=731
2025-07-07 23:41:55,984 - INFO - Marked PDF as downloaded: E31045329389.pdf
2025-07-07 23:45:06,873 - INFO - Processing case_event_id: EAFF798E-569D-4DC0-9D20-57E6750C73BB
2025-07-07 23:45:11,780 - INFO - Navigating to PDF URL: https://ecf.cacd.uscourts.gov/doc1/031145328133?caseid=963390&de_seq_num=66
2025-07-07 23:45:22,474 - INFO - Marked PDF as downloaded: E31145328133.pdf
2025-07-07 23:46:33,319 - INFO - Processing case_event_id: 38A6212A-69D8-4DD0-8FF6-FD328906AB7E
2025-07-07 23:46:39,250 - INFO - Navigating to PDF URL: https://ecf.nysd.uscourts.gov/doc1/127137818324?caseid=634304&de_seq_num=1306
2025-07-07 23:46:50,548 - INFO - Marked PDF as downloaded: E127137818324.pdf
2025-07-07 23:48:01,432 - INFO - Processing case_event_id: FBA3FE85-E4A9-4A29-A6EA-26BA8742D9CA
2025-07-07 23:48:07,258 - INFO - Navigating to PDF URL: https://ecf.cacd.uscourts.gov/doc1/031145326782?caseid=963384&de_seq_num=90
2025-07-07 23:48:17,942 - INFO - Marked PDF as downloaded: E31145326782.pdf
2025-07-07 23:51:28,786 - INFO - Processing case_event_id: 84F42BEF-1875-40C3-94AC-30F9D50143BC
2025-07-07 23:51:34,594 - INFO - Navigating to PDF URL: https://ecf.nysd.uscourts.gov/doc1/127137814849?caseid=634304&de_seq_num=1304
2025-07-07 23:51:45,888 - INFO - Marked PDF as downloaded: E127137814849.pdf
2025-07-07 23:52:56,663 - INFO - Processing case_event_id: E3690DCD-07F1-487F-B7CF-465825D8929F
2025-07-07 23:53:01,551 - INFO - Navigating to PDF URL: https://ecf.nysd.uscourts.gov/doc1/127137815762?caseid=637776&de_seq_num=549
2025-07-07 23:53:12,899 - INFO - Marked PDF as downloaded: E127137815762.pdf
2025-07-07 23:55:23,653 - INFO - Processing case_event_id: 38FFD1EB-FF4E-4C9C-B9A4-28D65F59619E
2025-07-07 23:55:28,740 - INFO - Navigating to PDF URL: https://ecf.nysd.uscourts.gov/doc1/127137816041?caseid=631724&de_seq_num=457
2025-07-07 23:55:40,064 - INFO - Marked PDF as downloaded: E127137816041.pdf
2025-07-07 23:56:50,835 - INFO - Processing case_event_id: AAEEC81B-E94C-4868-8B87-8834600743B5
2025-07-07 23:56:55,662 - INFO - Navigating to PDF URL: https://ecf.flsd.uscourts.gov/doc1/051028646523?caseid=671011&de_seq_num=437
2025-07-07 23:57:07,029 - INFO - Marked PDF as downloaded: E51028646523.pdf
2025-07-07 23:58:17,907 - INFO - Processing case_event_id: 9247A4D7-48B3-48D5-9810-DD53E608D776
2025-07-07 23:58:22,828 - INFO - Navigating to PDF URL: https://ecf.flsd.uscourts.gov/doc1/51128646865
2025-07-07 23:58:34,170 - INFO - Marked PDF as downloaded: E51128646865.pdf
2025-07-07 23:58:34,179 - INFO - Navigating to PDF URL: https://ecf.flsd.uscourts.gov/doc1/51128646864
2025-07-07 23:58:44,754 - INFO - Marked PDF as downloaded: E51128646864.pdf
2025-07-07 23:58:44,762 - INFO - Navigating to PDF URL: https://ecf.flsd.uscourts.gov/doc1/51128646863
2025-07-07 23:58:55,356 - INFO - Marked PDF as downloaded: E51128646863.pdf
2025-07-08 00:04:06,210 - INFO - Processing case_event_id: 47652551-C323-4DDC-9C21-5278B1E40198
2025-07-08 00:04:11,962 - INFO - Navigating to PDF URL: https://ecf.nysd.uscourts.gov/doc1/127137813689?caseid=633985&de_seq_num=255
2025-07-08 00:04:23,277 - INFO - Marked PDF as downloaded: E127137813689.pdf
2025-07-08 00:06:34,064 - INFO - Processing case_event_id: 843200B8-34C0-4CD1-966A-CC42C68D6F1F
2025-07-08 00:06:40,021 - INFO - Navigating to PDF URL: https://ecf.nysd.uscourts.gov/doc1/127137811245?caseid=633985&de_seq_num=250
2025-07-08 00:06:51,445 - INFO - Marked PDF as downloaded: E127137811245.pdf
2025-07-08 00:08:02,573 - INFO - Processing case_event_id: 9CAAD6BC-247D-4CDC-98A5-74DF3E2F5246
2025-07-08 00:08:09,391 - INFO - Navigating to PDF URL: https://ecf.nysd.uscourts.gov/doc1/127137811864?caseid=505094&de_seq_num=3284
2025-07-08 00:08:20,831 - INFO - Marked PDF as downloaded: E127137811864.pdf
2025-07-08 00:11:31,704 - INFO - Processing case_event_id: B0AF4D19-DF5E-4C2C-BB5A-4B3AB5D169E2
2025-07-08 00:11:38,163 - INFO - Navigating to PDF URL: https://ecf.nysd.uscourts.gov/doc1/127137810211?caseid=628425&de_seq_num=1312
2025-07-08 00:11:49,504 - INFO - Marked PDF as downloaded: E127137810211.pdf
2025-07-08 00:13:00,273 - INFO - Processing case_event_id: 4F92F634-35AF-4685-B3DD-D143B1D316A0
2025-07-08 00:13:05,686 - INFO - Navigating to PDF URL: https://ecf.nysd.uscourts.gov/doc1/127137810256?caseid=628425&de_seq_num=1315
2025-07-08 00:13:17,093 - INFO - Marked PDF as downloaded: E127137810256.pdf
2025-07-08 00:14:27,939 - INFO - Processing case_event_id: 88176D81-617B-463A-8960-E526017B9F5C
2025-07-08 00:14:33,488 - INFO - Navigating to PDF URL: https://ecf.nysd.uscourts.gov/doc1/127137810298?caseid=628425&de_seq_num=1317
2025-07-08 00:14:44,859 - INFO - Marked PDF as downloaded: E127137810298.pdf
2025-07-08 00:15:55,598 - INFO - Processing case_event_id: D559F819-A626-4CD7-A312-275C23A289D3
2025-07-08 00:16:00,647 - INFO - Navigating to PDF URL: https://ecf.nysd.uscourts.gov/doc1/127137810349?caseid=628425&de_seq_num=1319
2025-07-08 00:16:11,923 - INFO - Marked PDF as downloaded: E127137810349.pdf
2025-07-08 00:17:22,935 - INFO - Processing case_event_id: 696AC008-F82E-415C-9976-3615B0729B2E
2025-07-08 00:17:29,092 - INFO - Navigating to PDF URL: https://ecf.nysd.uscourts.gov/doc1/127137810485?caseid=628425&de_seq_num=1321
2025-07-08 00:17:40,388 - INFO - Marked PDF as downloaded: E127137810485.pdf
2025-07-08 00:18:51,339 - INFO - Processing case_event_id: C1E0BC91-8500-4F8A-B839-EEA985C4406F
2025-07-08 00:18:57,001 - INFO - Navigating to PDF URL: https://ecf.nysd.uscourts.gov/doc1/127137810540?caseid=628425&de_seq_num=1323
2025-07-08 00:19:08,215 - INFO - Marked PDF as downloaded: E127137810540.pdf
2025-07-08 00:22:19,058 - INFO - Processing case_event_id: F0876EB1-74F5-48BA-95F7-0B71A417E402
2025-07-08 00:22:24,987 - INFO - Navigating to PDF URL: https://ecf.nysd.uscourts.gov/doc1/127137809272?caseid=634304&de_seq_num=1300
2025-07-08 00:22:36,233 - INFO - Marked PDF as downloaded: E127137809272.pdf
2025-07-08 00:24:46,991 - INFO - Processing case_event_id: FBF27F7F-62AA-420F-B205-E8190769291F
2025-07-08 00:24:52,734 - INFO - Navigating to PDF URL: https://ecf.nysd.uscourts.gov/doc1/127137809277
2025-07-08 00:25:03,950 - INFO - Marked PDF as downloaded: E127137809277.pdf
2025-07-08 00:25:03,958 - INFO - Navigating to PDF URL: https://ecf.nysd.uscourts.gov/doc1/127137809275
2025-07-08 00:25:14,528 - INFO - Marked PDF as downloaded: E127137809275.pdf
2025-07-08 00:25:14,536 - INFO - Navigating to PDF URL: https://ecf.nysd.uscourts.gov/doc1/127137809276
2025-07-08 00:25:25,069 - INFO - Marked PDF as downloaded: E127137809276.pdf
2025-07-08 00:28:35,761 - INFO - Processing case_event_id: 70081F94-4D4A-44C1-82BB-D907676CFA76
2025-07-08 00:28:40,780 - INFO - Navigating to PDF URL: https://ecf.nysd.uscourts.gov/doc1/127137809225?caseid=633985&de_seq_num=247
2025-07-08 00:28:52,029 - INFO - Marked PDF as downloaded: E127137809225.pdf
2025-07-08 00:32:02,881 - INFO - Processing case_event_id: A0C90CFA-2FD7-416B-B2C2-08325CF02005
2025-07-08 00:32:08,153 - INFO - Navigating to PDF URL: https://ecf.nysd.uscourts.gov/doc1/127137809079
2025-07-08 00:32:19,402 - INFO - Marked PDF as downloaded: E127137809079.pdf
2025-07-08 00:32:19,408 - INFO - Navigating to PDF URL: https://ecf.nysd.uscourts.gov/doc1/127137809080
2025-07-08 00:32:29,970 - INFO - Marked PDF as downloaded: E127137809080.pdf
2025-07-08 00:35:40,711 - INFO - Processing case_event_id: 3F1FD7C3-CCB2-40DA-AF47-E4C0555EA11B
2025-07-08 00:35:45,595 - INFO - Navigating to PDF URL: https://ecf.nysd.uscourts.gov/doc1/127137809052?caseid=637776&de_seq_num=542
2025-07-08 00:35:56,844 - INFO - Marked PDF as downloaded: E127137809052.pdf
2025-07-08 00:37:07,716 - INFO - Processing case_event_id: 875EA7B4-3CC3-4E9D-9CB9-46E12927D1CC
2025-07-08 00:37:07,725 - INFO - No pending documents to download.
2025-07-08 00:38:12,421 - INFO - Processing case_event_id: 5880CEFB-1636-44EE-9D15-EA6DC8BAA0F7
2025-07-08 00:38:17,477 - INFO - Navigating to PDF URL: https://ecf.nysd.uscourts.gov/doc1/127137808493?caseid=634304&de_seq_num=1295
2025-07-08 00:38:28,708 - INFO - Marked PDF as downloaded: E127137808493.pdf
2025-07-08 00:39:39,420 - INFO - Processing case_event_id: 4A051C5A-EE83-4676-AF9D-F37FA65099D4
2025-07-08 00:39:45,221 - INFO - Navigating to PDF URL: https://ecf.nysd.uscourts.gov/doc1/127137808521?caseid=638444&de_seq_num=160
2025-07-08 00:39:56,470 - INFO - Marked PDF as downloaded: E127137808521.pdf
2025-07-08 00:41:07,307 - INFO - Processing case_event_id: D4A6995C-A1B9-4B7C-A68D-EC2DDC6C1C3D
2025-07-08 00:41:13,019 - INFO - Navigating to PDF URL: https://ecf.nysd.uscourts.gov/doc1/127137808557?caseid=638444&de_seq_num=162
2025-07-08 00:41:24,250 - INFO - Marked PDF as downloaded: E127137808557.pdf
2025-07-08 00:42:35,067 - INFO - Processing case_event_id: D4B50E05-5FB5-49D6-8D11-F34A77F11B36
2025-07-08 00:42:40,690 - INFO - Navigating to PDF URL: https://ecf.nysd.uscourts.gov/doc1/127137808579
2025-07-08 00:42:51,934 - INFO - Marked PDF as downloaded: E127137808579.pdf
2025-07-08 00:42:51,947 - INFO - Navigating to PDF URL: https://ecf.nysd.uscourts.gov/doc1/127137808584
2025-07-08 00:43:02,524 - INFO - Marked PDF as downloaded: E127137808584.pdf
2025-07-08 00:43:02,533 - INFO - Navigating to PDF URL: https://ecf.nysd.uscourts.gov/doc1/127137808580
2025-07-08 00:43:13,103 - INFO - Marked PDF as downloaded: E127137808580.pdf
2025-07-08 00:43:13,119 - INFO - Navigating to PDF URL: https://ecf.nysd.uscourts.gov/doc1/127137808581
2025-07-08 00:43:23,663 - INFO - Marked PDF as downloaded: E127137808581.pdf
2025-07-08 00:43:23,673 - INFO - Navigating to PDF URL: https://ecf.nysd.uscourts.gov/doc1/127137808583
2025-07-08 00:43:34,248 - INFO - Marked PDF as downloaded: E127137808583.pdf
2025-07-08 00:43:34,255 - INFO - Navigating to PDF URL: https://ecf.nysd.uscourts.gov/doc1/127137808582
2025-07-08 00:43:44,820 - INFO - Marked PDF as downloaded: E127137808582.pdf
2025-07-08 00:49:55,635 - INFO - Processing case_event_id: F47AF7FE-E2A3-4E1B-851C-CA15D6CFAC19
2025-07-08 00:50:01,274 - INFO - Navigating to PDF URL: https://ecf.nysd.uscourts.gov/doc1/127137808652
2025-07-08 00:50:12,618 - INFO - Marked PDF as downloaded: E127137808652.pdf
2025-07-08 00:50:12,625 - INFO - Navigating to PDF URL: https://ecf.nysd.uscourts.gov/doc1/127137808653
2025-07-08 00:50:23,177 - INFO - Marked PDF as downloaded: E127137808653.pdf
2025-07-08 00:50:23,184 - INFO - Navigating to PDF URL: https://ecf.nysd.uscourts.gov/doc1/127137808654
2025-07-08 00:50:33,727 - INFO - Marked PDF as downloaded: E127137808654.pdf
2025-07-08 00:50:33,736 - INFO - Navigating to PDF URL: https://ecf.nysd.uscourts.gov/doc1/127137808655
2025-07-08 00:50:44,276 - INFO - Marked PDF as downloaded: E127137808655.pdf
2025-07-08 00:55:55,201 - INFO - Processing case_event_id: C5B5C564-9CF7-43FF-8CD9-C9928E6C69C3
2025-07-08 00:56:00,172 - INFO - Navigating to PDF URL: https://ecf.cacd.uscourts.gov/doc1/031145316084?caseid=963390&de_seq_num=60
2025-07-08 00:56:10,885 - INFO - Marked PDF as downloaded: E31145316084.pdf
2025-07-08 00:57:21,604 - INFO - Processing case_event_id: F5719583-BD4A-4A48-A3B2-D98DD55D5F59
2025-07-08 00:57:26,478 - INFO - Navigating to PDF URL: https://ecf.nysd.uscourts.gov/doc1/127137808264?caseid=634304&de_seq_num=1292
2025-07-08 00:57:37,694 - INFO - Marked PDF as downloaded: E127137808264.pdf
2025-07-08 00:59:48,531 - INFO - Processing case_event_id: F724A6D1-0B78-4B5F-92D9-63636FC0E234
2025-07-08 00:59:53,380 - INFO - Navigating to PDF URL: https://ecf.paed.uscourts.gov/doc1/153122999724
2025-07-08 01:00:04,714 - INFO - Marked PDF as downloaded: E153122999724.pdf
2025-07-08 01:02:15,573 - INFO - Processing case_event_id: FE417061-C7FB-41A4-B09E-04DCD61FB6E3
2025-07-08 01:02:20,449 - INFO - Navigating to PDF URL: https://ecf.flsd.uscourts.gov/doc1/51128641607
2025-07-08 01:02:31,894 - INFO - Marked PDF as downloaded: E51128641607.pdf
2025-07-08 01:02:31,904 - INFO - Navigating to PDF URL: https://ecf.flsd.uscourts.gov/doc1/51128641606
2025-07-08 01:02:42,504 - INFO - Marked PDF as downloaded: E51128641606.pdf
